2026-03-17 20:30:59.056 - DBeaver 25.2.5.202511161745 is starting
2026-03-17 20:30:59.056 - OS: Windows 11 10.0 (amd64)
2026-03-17 20:30:59.057 - Java version: 21.0.8 by Eclipse Adoptium (64bit)
2026-03-17 20:30:59.057 - Install path: 'C:\Users\a25santiagopc\AppData\Local\DBeaver'
2026-03-17 20:30:59.057 - Instance path: 'file:/F:/A25SANTIAGOPC/3ER.PARCIAL/BBDD_03/BBDD_03/DBEAVER_CLASE/'
2026-03-17 20:30:59.059 - Memory available 64Mb/1024Mb
2026-03-17 20:30:59.068 - Create display
2026-03-17 20:30:59.172 - Initialize desktop platform...
2026-03-17 20:30:59.298 - BounceCastle bundle found. Use JCE provider BC
> Start Core File Systems [org.eclipse.core.filesystem 1.11.300.v20250607-0645]
> Start Core Resource Management [org.eclipse.core.resources 3.23.0.v20250729-1759]
> Start Núcleo del equipo de soporte [org.eclipse.team.core 3.10.800.v20250610-0708]
> Start DBeaver UI Navigator [org.jkiss.dbeaver.ui.navigator 1.0.167.202511161745]
2026-03-17 20:30:59.489 - Initialize base platform...
2026-03-17 20:30:59.501 - Platform initialized (329ms)
2026-03-17 20:30:59.629 - Starting instance server at http://localhost:50263
2026-03-17 20:30:59.640 - Run workbench
> Start SWT del banco de trabajo de Eclipse e4 [org.eclipse.e4.ui.workbench.swt 0.17.900.v20250612-1000]
> Start Eclipse Application Services [org.eclipse.e4.core.services 2.5.200.v20250326-1945]
> Start Eclipse UI Application Services [org.eclipse.e4.ui.services 1.6.500.v20250123-0754]
> Start Eclipse e4 Progress View [org.eclipse.e4.ui.progress 0.4.800.v20250422-1254]
> Start Eclipse Bindings Support [org.eclipse.e4.ui.bindings 0.14.700.v20250612-1000]
> Start Eclipse e4 core commands [org.eclipse.e4.core.commands 1.1.600.v20250307-1331]
> Start EMF XML/XMI Persistence [org.eclipse.emf.ecore.xmi 2.39.0.v20250414-1351]
> Start Eclipse CSS SWT Theme Support [org.eclipse.e4.ui.css.swt.theme 0.14.500.v20250213-1508]
> Start Extensiones del banco de trabajo de Eclipse e4 [org.eclipse.e4.ui.workbench.addons.swt 1.5.800.v20250701-0653]
Warning: NLS unused message: WorkbenchPreference_reuseEditorsThreshold in: org.eclipse.ui.internal.messages
Warning: NLS unused message: Workbench_missingPropertyMessage in: org.eclipse.ui.internal.messages
> Start Renderizador SWT del banco de trabajo de Eclipse e4 [org.eclipse.e4.ui.workbench.renderers.swt 0.16.900.v20250828-1028]
> Start Eclipse Dependency Injection Extensions [org.eclipse.e4.core.di.extensions 0.18.300.v20240413-1529]
> Start DBeaver AI Model [org.jkiss.dbeaver.model.ai 2.0.10.202511161745]
> Start DBeaver AI UI [org.jkiss.dbeaver.ui.ai 1.0.69.202511161745]
> Start Eclipse CSS SWT Support [org.eclipse.e4.ui.css.swt 0.15.600.v20250409-1135]
Warning: NLS unused message: UriHandlerPreferencePage_Warning_OtherApp in: org.eclipse.ui.internal.ide.messages
> Start Editor de texto predeterminado [org.eclipse.ui.editors 3.20.100.v20250814-1056]
> Start Entorno de trabajo [org.eclipse.ui.workbench.texteditor 3.19.300.v20250815-0722]
2026-03-17 20:31:01.301 - Configure workbench window
> Start DBeaver SQL Model [org.jkiss.dbeaver.model.sql 1.0.157.202511161745]
2026-03-17 20:31:01.458 - Total database drivers: 127 (127)
> Start Núcleo del sistema de ayuda [org.eclipse.help 3.10.600.v20250613-0437]
2026-03-17 20:31:01.581 - Create actions
2026-03-17 20:31:02.189 - Initialize workbench window
2026-03-17 20:31:02.200 - Finish initialization
> Start DBeaver UI Editors - Data [org.jkiss.dbeaver.ui.editors.data 1.0.167.202511161745]
> Start DBeaver UI Editors - SQL [org.jkiss.dbeaver.ui.editors.sql 1.0.167.202511161745]
Warning: NLS unused message: FindReplace_RegExCheckbox_label in: org.eclipse.ui.texteditor.EditorMessages
Warning: NLS unused message: FindReplace_Status_wrapped_label in: org.eclipse.ui.texteditor.EditorMessages
Warning: NLS unused message: FindReplace_WrapCheckBox_label in: org.eclipse.ui.texteditor.EditorMessages
Warning: NLS unused message: FindReplace_Options in: org.eclipse.ui.texteditor.EditorMessages
Warning: NLS unused message: FindReplace_ReplaceSelectionButton_label in: org.eclipse.ui.texteditor.EditorMessages
Warning: NLS unused message: FindReplace_SelectedRangeRadioButton_label in: org.eclipse.ui.texteditor.EditorMessages
Warning: NLS unused message: FindReplace_Status_noMatchWithValue_label in: org.eclipse.ui.texteditor.EditorMessages
Warning: NLS unused message: FindReplace_SelectAllButton_label in: org.eclipse.ui.texteditor.EditorMessages
Warning: NLS unused message: FindReplace_Status_noMatch_label in: org.eclipse.ui.texteditor.EditorMessages
Warning: NLS unused message: FindReplace_GlobalRadioButton_label in: org.eclipse.ui.texteditor.EditorMessages
Warning: NLS unused message: FindReplace_WholeWordCheckBox_label in: org.eclipse.ui.texteditor.EditorMessages
Warning: NLS unused message: FindReplace_ReplaceFindButton_label in: org.eclipse.ui.texteditor.EditorMessages
Warning: NLS unused message: FindReplace_BackwardRadioButton_label in: org.eclipse.ui.texteditor.EditorMessages
Warning: NLS unused message: FindReplace_CloseButton_label in: org.eclipse.ui.texteditor.EditorMessages
Warning: NLS unused message: FindReplace_Replace_label in: org.eclipse.ui.texteditor.EditorMessages
Warning: NLS unused message: FindReplace_Status_selection_label in: org.eclipse.ui.texteditor.EditorMessages
Warning: NLS unused message: FindReplace_CaseCheckBox_label in: org.eclipse.ui.texteditor.EditorMessages
Warning: NLS unused message: FindReplace_Status_replacement_label in: org.eclipse.ui.texteditor.EditorMessages
Warning: NLS unused message: FindReplace_Status_selections_label in: org.eclipse.ui.texteditor.EditorMessages
Warning: NLS unused message: FindReplace_Status_replacements_label in: org.eclipse.ui.texteditor.EditorMessages
Warning: NLS unused message: FindReplace_title in: org.eclipse.ui.texteditor.EditorMessages
Warning: NLS unused message: FindReplace_Direction in: org.eclipse.ui.texteditor.EditorMessages
Warning: NLS unused message: FindReplace_ReplaceAllButton_label in: org.eclipse.ui.texteditor.EditorMessages
Warning: NLS unused message: FindReplace_Scope in: org.eclipse.ui.texteditor.EditorMessages
Warning: NLS unused message: FindReplace_Find_label in: org.eclipse.ui.texteditor.EditorMessages
Warning: NLS unused message: FindReplace_ForwardRadioButton_label in: org.eclipse.ui.texteditor.EditorMessages
Warning: NLS unused message: FindReplace_FindNextButton_label in: org.eclipse.ui.texteditor.EditorMessages
> Start DBeaver SQL Terminal [org.jkiss.dbeaver.ui.editors.sql.terminal 1.0.143.202511161745]
> Start Soporte de Core Compare [org.eclipse.compare.core 3.8.800.v20250718-1505]
> Start Equinox Java Authentication and Authorization Service (JAAS) [org.eclipse.equinox.security 1.4.700.v20250622-1644]
> Start Interfaz de usuario de manejo de conexión a Internet [org.eclipse.ui.net 1.5.500.v20250611-0855]
> Start Internet Connection Management [org.eclipse.core.net 1.5.800.v20250613-1119]
> Start DBeaver Sample Database [org.jkiss.dbeaver.ui.config.sample 1.0.204.202511161745]
> Start DBeaver Dashboard UI [org.jkiss.dbeaver.ui.dashboard 1.0.164.202511161745]
> Start GEF Classic Draw2d [org.eclipse.draw2d 3.20.100.202508011427]
> Start GEF Classic GEF (MVC) [org.eclipse.gef 3.23.0.202507261623]
> Start DBeaver ERD UI [org.jkiss.dbeaver.ui.editors.erd 3.1.8.202511161745]
> Start DBeaver ERD Model [org.jkiss.dbeaver.model.erd 1.1.8.202511161745]
> Start DBeaver JDBC Model [org.jkiss.dbeaver.model.jdbc 1.0.60.202511161745]
> Start DBeaver MySQL Support [org.jkiss.dbeaver.ext.mysql 2.1.252.202511161745]
> Start Consola [org.eclipse.ui.console 3.14.400.v20250607-0653]
> Start Núcleo de depuración [org.eclipse.debug.core 3.23.100.v20250811-0711]
> Start DBeaver Tasks - Native Tools UI [org.jkiss.dbeaver.tasks.native.ui 1.0.145.202511161745]
> Start DBeaver MySQL UI Support [org.jkiss.dbeaver.ext.mysql.ui 1.0.159.202511161745]
> Start DBeaver Tasks - General UI [org.jkiss.dbeaver.tasks.ui 1.0.145.202511161745]
2026-03-17 20:31:06.185 - Connect with '127.0.0.1' (mysql8-19cfd3acd0d-4238d1102f5d8a16)
2026-03-17 20:31:06.211 - Execution context opened (127.0.0.1; Main; 0)
> Start DBeaver GIS Support [org.jkiss.dbeaver.data.gis 1.0.191.202511161745]
2026-03-17 20:31:06.428 - Execution context opened (127.0.0.1; Metadata; 1)
> Start DBeaver SQL Language Semantic Model [org.jkiss.dbeaver.model.lsm 1.0.62.202511161745]
2026-03-17 20:31:06.469 - Error reading SQL keywords: Unknown column 'RESERVED' in 'WHERE'
2026-03-17 20:31:06.610 - Connected (mysql8-19cfd3acd0d-4238d1102f5d8a16, MySQL Connector/J [mysql-connector-j-8.2.0 (Revision: 06a1f724497fd81c6a659131fda822c9e5085b6c)])
2026-03-17 20:31:06.670 - Execution context opened (127.0.0.1; SQLEditor <Script-2.sql>; 2)
2026-03-17 20:31:16.025 - Execution context opened (127.0.0.1; SQLEditor <Script-3.sql>; 3)
2026-03-17 20:31:18.372 - Execution context closed (127.0.0.1, 2)
> Start Data Transfer UI [org.jkiss.dbeaver.data.transfer.ui 1.0.151.202511161745]
2026-03-17 20:32:22.760 - Service 'org.jkiss.dbeaver.ui.UIServiceConnectionEditor' not found
2026-03-17 20:32:22.813 - Service 'org.jkiss.dbeaver.runtime.ui.UIServiceSecurity' not found
2026-03-17 20:33:14.164 - Service 'org.jkiss.dbeaver.ui.UIServiceConnectionEditor' not found
2026-03-17 20:33:14.211 - Service 'org.jkiss.dbeaver.runtime.ui.UIServiceSecurity' not found
2026-03-17 20:33:27.681 - Execution context closed (127.0.0.1, 3)
2026-03-17 20:33:28.040 - Dispose navigator model
2026-03-17 20:33:28.113 - DBeaver is stopping
2026-03-17 20:33:28.113 - Stop instance server
2026-03-17 20:33:29.127 - DBeaver shutdown completed
