2026-03-17 20:10:21.746 - DBeaver 25.2.5.202511161745 is starting
2026-03-17 20:10:21.747 - OS: Windows 11 10.0 (amd64)
2026-03-17 20:10:21.747 - Java version: 21.0.8 by Eclipse Adoptium (64bit)
2026-03-17 20:10:21.747 - Install path: 'C:\Users\a25santiagopc\AppData\Local\DBeaver'
2026-03-17 20:10:21.747 - Instance path: 'file:/F:/A25SANTIAGOPC/3ER.PARCIAL/BBDD_03/BBDD_03/DBEAVER_CLASE/'
2026-03-17 20:10:21.749 - Memory available 64Mb/1024Mb
2026-03-17 20:10:21.758 - Create display
2026-03-17 20:10:21.864 - Initialize desktop platform...
2026-03-17 20:10:21.996 - BounceCastle bundle found. Use JCE provider BC
> Start Core File Systems [org.eclipse.core.filesystem 1.11.300.v20250607-0645]
> Start Core Resource Management [org.eclipse.core.resources 3.23.0.v20250729-1759]
> Start Núcleo del equipo de soporte [org.eclipse.team.core 3.10.800.v20250610-0708]
> Start DBeaver UI Navigator [org.jkiss.dbeaver.ui.navigator 1.0.167.202511161745]
2026-03-17 20:10:22.193 - Initialize base platform...
2026-03-17 20:10:22.205 - Platform initialized (340ms)
2026-03-17 20:10:22.343 - Starting instance server at http://localhost:64161
2026-03-17 20:10:22.348 - Run workbench
> Start SWT del banco de trabajo de Eclipse e4 [org.eclipse.e4.ui.workbench.swt 0.17.900.v20250612-1000]
> Start Eclipse Application Services [org.eclipse.e4.core.services 2.5.200.v20250326-1945]
> Start Eclipse UI Application Services [org.eclipse.e4.ui.services 1.6.500.v20250123-0754]
> Start Eclipse e4 Progress View [org.eclipse.e4.ui.progress 0.4.800.v20250422-1254]
> Start Eclipse Bindings Support [org.eclipse.e4.ui.bindings 0.14.700.v20250612-1000]
> Start Eclipse e4 core commands [org.eclipse.e4.core.commands 1.1.600.v20250307-1331]
> Start EMF XML/XMI Persistence [org.eclipse.emf.ecore.xmi 2.39.0.v20250414-1351]
> Start Eclipse CSS SWT Theme Support [org.eclipse.e4.ui.css.swt.theme 0.14.500.v20250213-1508]
> Start Extensiones del banco de trabajo de Eclipse e4 [org.eclipse.e4.ui.workbench.addons.swt 1.5.800.v20250701-0653]
Warning: NLS unused message: WorkbenchPreference_reuseEditorsThreshold in: org.eclipse.ui.internal.messages
Warning: NLS unused message: Workbench_missingPropertyMessage in: org.eclipse.ui.internal.messages
> Start Renderizador SWT del banco de trabajo de Eclipse e4 [org.eclipse.e4.ui.workbench.renderers.swt 0.16.900.v20250828-1028]
> Start Eclipse Dependency Injection Extensions [org.eclipse.e4.core.di.extensions 0.18.300.v20240413-1529]
> Start DBeaver AI Model [org.jkiss.dbeaver.model.ai 2.0.10.202511161745]
> Start DBeaver AI UI [org.jkiss.dbeaver.ui.ai 1.0.69.202511161745]
> Start Eclipse CSS SWT Support [org.eclipse.e4.ui.css.swt 0.15.600.v20250409-1135]
Warning: NLS unused message: UriHandlerPreferencePage_Warning_OtherApp in: org.eclipse.ui.internal.ide.messages
> Start Editor de texto predeterminado [org.eclipse.ui.editors 3.20.100.v20250814-1056]
> Start Entorno de trabajo [org.eclipse.ui.workbench.texteditor 3.19.300.v20250815-0722]
2026-03-17 20:10:24.076 - Configure workbench window
> Start DBeaver SQL Model [org.jkiss.dbeaver.model.sql 1.0.157.202511161745]
2026-03-17 20:10:24.259 - Total database drivers: 127 (127)
> Start Núcleo del sistema de ayuda [org.eclipse.help 3.10.600.v20250613-0437]
2026-03-17 20:10:24.358 - Create actions
2026-03-17 20:10:25.002 - Initialize workbench window
2026-03-17 20:10:25.019 - Finish initialization
> Start DBeaver UI Editors - Data [org.jkiss.dbeaver.ui.editors.data 1.0.167.202511161745]
> Start DBeaver UI Editors - SQL [org.jkiss.dbeaver.ui.editors.sql 1.0.167.202511161745]
Warning: NLS unused message: FindReplace_RegExCheckbox_label in: org.eclipse.ui.texteditor.EditorMessages
Warning: NLS unused message: FindReplace_Status_wrapped_label in: org.eclipse.ui.texteditor.EditorMessages
Warning: NLS unused message: FindReplace_WrapCheckBox_label in: org.eclipse.ui.texteditor.EditorMessages
Warning: NLS unused message: FindReplace_Options in: org.eclipse.ui.texteditor.EditorMessages
Warning: NLS unused message: FindReplace_ReplaceSelectionButton_label in: org.eclipse.ui.texteditor.EditorMessages
Warning: NLS unused message: FindReplace_SelectedRangeRadioButton_label in: org.eclipse.ui.texteditor.EditorMessages
Warning: NLS unused message: FindReplace_Status_noMatchWithValue_label in: org.eclipse.ui.texteditor.EditorMessages
Warning: NLS unused message: FindReplace_SelectAllButton_label in: org.eclipse.ui.texteditor.EditorMessages
Warning: NLS unused message: FindReplace_Status_noMatch_label in: org.eclipse.ui.texteditor.EditorMessages
Warning: NLS unused message: FindReplace_GlobalRadioButton_label in: org.eclipse.ui.texteditor.EditorMessages
Warning: NLS unused message: FindReplace_WholeWordCheckBox_label in: org.eclipse.ui.texteditor.EditorMessages
Warning: NLS unused message: FindReplace_ReplaceFindButton_label in: org.eclipse.ui.texteditor.EditorMessages
Warning: NLS unused message: FindReplace_BackwardRadioButton_label in: org.eclipse.ui.texteditor.EditorMessages
Warning: NLS unused message: FindReplace_CloseButton_label in: org.eclipse.ui.texteditor.EditorMessages
Warning: NLS unused message: FindReplace_Replace_label in: org.eclipse.ui.texteditor.EditorMessages
Warning: NLS unused message: FindReplace_Status_selection_label in: org.eclipse.ui.texteditor.EditorMessages
Warning: NLS unused message: FindReplace_CaseCheckBox_label in: org.eclipse.ui.texteditor.EditorMessages
Warning: NLS unused message: FindReplace_Status_replacement_label in: org.eclipse.ui.texteditor.EditorMessages
Warning: NLS unused message: FindReplace_Status_selections_label in: org.eclipse.ui.texteditor.EditorMessages
Warning: NLS unused message: FindReplace_Status_replacements_label in: org.eclipse.ui.texteditor.EditorMessages
Warning: NLS unused message: FindReplace_title in: org.eclipse.ui.texteditor.EditorMessages
Warning: NLS unused message: FindReplace_Direction in: org.eclipse.ui.texteditor.EditorMessages
Warning: NLS unused message: FindReplace_ReplaceAllButton_label in: org.eclipse.ui.texteditor.EditorMessages
Warning: NLS unused message: FindReplace_Scope in: org.eclipse.ui.texteditor.EditorMessages
Warning: NLS unused message: FindReplace_Find_label in: org.eclipse.ui.texteditor.EditorMessages
Warning: NLS unused message: FindReplace_ForwardRadioButton_label in: org.eclipse.ui.texteditor.EditorMessages
Warning: NLS unused message: FindReplace_FindNextButton_label in: org.eclipse.ui.texteditor.EditorMessages
> Start DBeaver SQL Terminal [org.jkiss.dbeaver.ui.editors.sql.terminal 1.0.143.202511161745]
> Start Soporte de Core Compare [org.eclipse.compare.core 3.8.800.v20250718-1505]
> Start Equinox Java Authentication and Authorization Service (JAAS) [org.eclipse.equinox.security 1.4.700.v20250622-1644]
> Start Interfaz de usuario de manejo de conexión a Internet [org.eclipse.ui.net 1.5.500.v20250611-0855]
> Start Internet Connection Management [org.eclipse.core.net 1.5.800.v20250613-1119]
> Start DBeaver Sample Database [org.jkiss.dbeaver.ui.config.sample 1.0.204.202511161745]
> Start DBeaver Dashboard UI [org.jkiss.dbeaver.ui.dashboard 1.0.164.202511161745]
> Start GEF Classic Draw2d [org.eclipse.draw2d 3.20.100.202508011427]
> Start GEF Classic GEF (MVC) [org.eclipse.gef 3.23.0.202507261623]
> Start DBeaver ERD UI [org.jkiss.dbeaver.ui.editors.erd 3.1.8.202511161745]
> Start DBeaver ERD Model [org.jkiss.dbeaver.model.erd 1.1.8.202511161745]
> Start DBeaver JDBC Model [org.jkiss.dbeaver.model.jdbc 1.0.60.202511161745]
> Start DBeaver MySQL Support [org.jkiss.dbeaver.ext.mysql 2.1.252.202511161745]
> Start Consola [org.eclipse.ui.console 3.14.400.v20250607-0653]
> Start Núcleo de depuración [org.eclipse.debug.core 3.23.100.v20250811-0711]
> Start DBeaver Tasks - Native Tools UI [org.jkiss.dbeaver.tasks.native.ui 1.0.145.202511161745]
> Start DBeaver MySQL UI Support [org.jkiss.dbeaver.ext.mysql.ui 1.0.159.202511161745]
> Start DBeaver Tasks - General UI [org.jkiss.dbeaver.tasks.ui 1.0.145.202511161745]
2026-03-17 20:10:29.390 - Connect with '127.0.0.1' (mysql8-19cfcee8be4-49c3acdce2813027)
2026-03-17 20:10:29.417 - Execution context opened (127.0.0.1; Main; 0)
> Start DBeaver GIS Support [org.jkiss.dbeaver.data.gis 1.0.191.202511161745]
2026-03-17 20:10:29.628 - Can not read response from server. Expected to read 4 bytes, read 0 bytes before connection was unexpectedly lost.
java.io.EOFException: Can not read response from server. Expected to read 4 bytes, read 0 bytes before connection was unexpectedly lost.
	at com.mysql.cj.protocol.FullReadInputStream.readFully(FullReadInputStream.java:67)
	at com.mysql.cj.protocol.a.SimplePacketReader.readHeaderLocal(SimplePacketReader.java:81)
	at com.mysql.cj.protocol.a.SimplePacketReader.readHeader(SimplePacketReader.java:63)
	at com.mysql.cj.protocol.a.SimplePacketReader.readHeader(SimplePacketReader.java:45)
	at com.mysql.cj.protocol.a.NativeProtocol.readMessage(NativeProtocol.java:576)
	at com.mysql.cj.protocol.a.NativeProtocol.readServerCapabilities(NativeProtocol.java:537)
	at com.mysql.cj.protocol.a.NativeProtocol.beforeHandshake(NativeProtocol.java:425)
	at com.mysql.cj.protocol.a.NativeProtocol.connect(NativeProtocol.java:1426)
	at com.mysql.cj.NativeSession.connect(NativeSession.java:133)
	at com.mysql.cj.jdbc.ConnectionImpl.connectOneTryOnly(ConnectionImpl.java:935)
	at com.mysql.cj.jdbc.ConnectionImpl.createNewIO(ConnectionImpl.java:805)
	at com.mysql.cj.jdbc.ConnectionImpl.<init>(ConnectionImpl.java:438)
	at com.mysql.cj.jdbc.ConnectionImpl.getInstance(ConnectionImpl.java:241)
	at com.mysql.cj.jdbc.NonRegisteringDriver.connect(NonRegisteringDriver.java:189)
	at org.jkiss.dbeaver.model.impl.jdbc.JDBCConnectionOpener.run(JDBCConnectionOpener.java:112)
	at org.jkiss.dbeaver.model.impl.jdbc.JDBCConnectionOpener.run(JDBCConnectionOpener.java:86)
	at org.jkiss.dbeaver.model.impl.jdbc.JDBCDataSource.openConnection(JDBCDataSource.java:215)
	at org.jkiss.dbeaver.model.impl.jdbc.JDBCDataSource.openConnection(JDBCDataSource.java:133)
	at org.jkiss.dbeaver.ext.mysql.model.MySQLDataSource.openConnection(MySQLDataSource.java:516)
	at org.jkiss.dbeaver.model.impl.jdbc.JDBCExecutionContext.connect(JDBCExecutionContext.java:124)
	at org.jkiss.dbeaver.model.impl.jdbc.JDBCRemoteInstance.initializeMainContext(JDBCRemoteInstance.java:105)
	at org.jkiss.dbeaver.model.impl.jdbc.JDBCRemoteInstance.<init>(JDBCRemoteInstance.java:60)
	at org.jkiss.dbeaver.model.impl.jdbc.JDBCDataSource.initializeRemoteInstance(JDBCDataSource.java:125)
	at org.jkiss.dbeaver.model.impl.jdbc.JDBCDataSource.<init>(JDBCDataSource.java:109)
	at org.jkiss.dbeaver.model.impl.jdbc.JDBCDataSource.<init>(JDBCDataSource.java:100)
	at org.jkiss.dbeaver.ext.mysql.model.MySQLDataSource.<init>(MySQLDataSource.java:123)
	at org.jkiss.dbeaver.ext.mysql.model.MySQLDataSource.<init>(MySQLDataSource.java:118)
	at org.jkiss.dbeaver.ext.mysql.MySQLDataSourceProvider.openDataSource(MySQLDataSourceProvider.java:155)
	at org.jkiss.dbeaver.registry.DataSourceDescriptor.openDataSource(DataSourceDescriptor.java:1369)
	at org.jkiss.dbeaver.registry.DataSourceDescriptor.connect0(DataSourceDescriptor.java:1227)
	at org.jkiss.dbeaver.registry.DataSourceDescriptor.connect(DataSourceDescriptor.java:1061)
	at org.jkiss.dbeaver.runtime.jobs.ConnectJob.run(ConnectJob.java:77)
	at org.jkiss.dbeaver.model.runtime.AbstractJob.run(AbstractJob.java:119)
	at org.eclipse.core.internal.jobs.Worker.run(Worker.java:63)
> Start DBeaver SQL Language Semantic Model [org.jkiss.dbeaver.model.lsm 1.0.62.202511161745]
2026-03-17 20:10:35.095 - Connect with '127.0.0.1' (mysql8-19cfcee8be4-49c3acdce2813027)
2026-03-17 20:10:35.096 - Execution context opened (127.0.0.1; Main; 1)
2026-03-17 20:10:35.099 - Can not read response from server. Expected to read 4 bytes, read 0 bytes before connection was unexpectedly lost.
java.io.EOFException: Can not read response from server. Expected to read 4 bytes, read 0 bytes before connection was unexpectedly lost.
	at com.mysql.cj.protocol.FullReadInputStream.readFully(FullReadInputStream.java:67)
	at com.mysql.cj.protocol.a.SimplePacketReader.readHeaderLocal(SimplePacketReader.java:81)
	at com.mysql.cj.protocol.a.SimplePacketReader.readHeader(SimplePacketReader.java:63)
	at com.mysql.cj.protocol.a.SimplePacketReader.readHeader(SimplePacketReader.java:45)
	at com.mysql.cj.protocol.a.NativeProtocol.readMessage(NativeProtocol.java:576)
	at com.mysql.cj.protocol.a.NativeProtocol.readServerCapabilities(NativeProtocol.java:537)
	at com.mysql.cj.protocol.a.NativeProtocol.beforeHandshake(NativeProtocol.java:425)
	at com.mysql.cj.protocol.a.NativeProtocol.connect(NativeProtocol.java:1426)
	at com.mysql.cj.NativeSession.connect(NativeSession.java:133)
	at com.mysql.cj.jdbc.ConnectionImpl.connectOneTryOnly(ConnectionImpl.java:935)
	at com.mysql.cj.jdbc.ConnectionImpl.createNewIO(ConnectionImpl.java:805)
	at com.mysql.cj.jdbc.ConnectionImpl.<init>(ConnectionImpl.java:438)
	at com.mysql.cj.jdbc.ConnectionImpl.getInstance(ConnectionImpl.java:241)
	at com.mysql.cj.jdbc.NonRegisteringDriver.connect(NonRegisteringDriver.java:189)
	at org.jkiss.dbeaver.model.impl.jdbc.JDBCConnectionOpener.run(JDBCConnectionOpener.java:112)
	at org.jkiss.dbeaver.model.impl.jdbc.JDBCConnectionOpener.run(JDBCConnectionOpener.java:86)
	at org.jkiss.dbeaver.model.impl.jdbc.JDBCDataSource.openConnection(JDBCDataSource.java:215)
	at org.jkiss.dbeaver.model.impl.jdbc.JDBCDataSource.openConnection(JDBCDataSource.java:133)
	at org.jkiss.dbeaver.ext.mysql.model.MySQLDataSource.openConnection(MySQLDataSource.java:516)
	at org.jkiss.dbeaver.model.impl.jdbc.JDBCExecutionContext.connect(JDBCExecutionContext.java:124)
	at org.jkiss.dbeaver.model.impl.jdbc.JDBCRemoteInstance.initializeMainContext(JDBCRemoteInstance.java:105)
	at org.jkiss.dbeaver.model.impl.jdbc.JDBCRemoteInstance.<init>(JDBCRemoteInstance.java:60)
	at org.jkiss.dbeaver.model.impl.jdbc.JDBCDataSource.initializeRemoteInstance(JDBCDataSource.java:125)
	at org.jkiss.dbeaver.model.impl.jdbc.JDBCDataSource.<init>(JDBCDataSource.java:109)
	at org.jkiss.dbeaver.model.impl.jdbc.JDBCDataSource.<init>(JDBCDataSource.java:100)
	at org.jkiss.dbeaver.ext.mysql.model.MySQLDataSource.<init>(MySQLDataSource.java:123)
	at org.jkiss.dbeaver.ext.mysql.model.MySQLDataSource.<init>(MySQLDataSource.java:118)
	at org.jkiss.dbeaver.ext.mysql.MySQLDataSourceProvider.openDataSource(MySQLDataSourceProvider.java:155)
	at org.jkiss.dbeaver.registry.DataSourceDescriptor.openDataSource(DataSourceDescriptor.java:1369)
	at org.jkiss.dbeaver.registry.DataSourceDescriptor.connect0(DataSourceDescriptor.java:1227)
	at org.jkiss.dbeaver.registry.DataSourceDescriptor.connect(DataSourceDescriptor.java:1061)
	at org.jkiss.dbeaver.runtime.jobs.ConnectJob.run(ConnectJob.java:77)
	at org.jkiss.dbeaver.runtime.jobs.ConnectJob.runSync(ConnectJob.java:104)
	at org.jkiss.dbeaver.ui.actions.datasource.DataSourceHandler.connectToDataSource(DataSourceHandler.java:123)
	at org.jkiss.dbeaver.ui.actions.datasource.UIServiceConnectionsImpl.initConnection(UIServiceConnectionsImpl.java:87)
	at org.jkiss.dbeaver.model.DBUtils.initDataSource(DBUtils.java:2477)
	at org.jkiss.dbeaver.model.navigator.DBNDataSource.initializeNode(DBNDataSource.java:167)
	at org.jkiss.dbeaver.model.navigator.DBNDatabaseNode.getChildren(DBNDatabaseNode.java:218)
	at org.jkiss.dbeaver.model.navigator.DBNDatabaseNode.getChildren(DBNDatabaseNode.java:1)
	at org.jkiss.dbeaver.model.navigator.DBNUtils.getNodeChildrenFiltered(DBNUtils.java:110)
	at org.jkiss.dbeaver.ui.navigator.database.load.TreeLoadService.evaluate(TreeLoadService.java:50)
	at org.jkiss.dbeaver.ui.navigator.database.load.TreeLoadService.evaluate(TreeLoadService.java:1)
	at org.jkiss.dbeaver.ui.LoadingJob.run(LoadingJob.java:88)
	at org.jkiss.dbeaver.model.runtime.AbstractJob.run(AbstractJob.java:119)
	at org.eclipse.core.internal.jobs.Worker.run(Worker.java:63)
2026-03-17 20:10:42.380 - Datasource mysql8-19cfcee8be4-49c3acdce2813027 not found in project General (/General/Scripts/Script.sql)
2026-03-17 20:10:43.025 - Datasource mysql8-19cfcee8be4-49c3acdce2813027 not found in project General (/General/Scripts/Script-1.sql)
2026-03-17 20:10:43.027 - Datasource mysql8-19cfcee8be4-49c3acdce2813027 not found in project General (/General/Scripts/Script.sql)
2026-03-17 20:10:43.032 - Datasource mysql8-19cfcee8be4-49c3acdce2813027 not found in project General (/General/Scripts/Script-1.sql)
2026-03-17 20:10:43.036 - Datasource mysql8-19cfcee8be4-49c3acdce2813027 not found in project General (/General/Scripts/Script.sql)
2026-03-17 20:10:43.074 - Datasource mysql8-19cfcee8be4-49c3acdce2813027 not found in project General (/General/Scripts/Script-1.sql)
2026-03-17 20:10:43.152 - Datasource mysql8-19cfcee8be4-49c3acdce2813027 not found in project General (/General/Scripts/Script-1.sql)
2026-03-17 20:10:43.443 - Datasource mysql8-19cfcee8be4-49c3acdce2813027 not found in project General (/General/Scripts/Script.sql)
2026-03-17 20:10:43.767 - Datasource mysql8-19cfcee8be4-49c3acdce2813027 not found in project General (/General/Scripts/Script-1.sql)
2026-03-17 20:10:50.560 - Datasource mysql8-19cfcee8be4-49c3acdce2813027 not found in project General (/General/Scripts/Script-1.sql)
2026-03-17 20:10:50.561 - Datasource mysql8-19cfcee8be4-49c3acdce2813027 not found in project General (/General/Scripts/Script.sql)
2026-03-17 20:13:22.094 - Datasource mysql8-19cfcee8be4-49c3acdce2813027 not found in project General (/General/Scripts/Script-1.sql)
2026-03-17 20:13:22.096 - Datasource mysql8-19cfcee8be4-49c3acdce2813027 not found in project General (/General/Scripts/Script.sql)
2026-03-17 20:13:27.024 - Datasource mysql8-19cfcee8be4-49c3acdce2813027 not found in project General (/General/Scripts/Script-1.sql)
2026-03-17 20:13:27.027 - Datasource mysql8-19cfcee8be4-49c3acdce2813027 not found in project General (/General/Scripts/Script.sql)
2026-03-17 20:16:47.837 - Datasource mysql8-19cfcee8be4-49c3acdce2813027 not found in project General (/General/Scripts/Script-1.sql)
2026-03-17 20:16:47.838 - Datasource mysql8-19cfcee8be4-49c3acdce2813027 not found in project General (/General/Scripts/Script.sql)
2026-03-17 20:16:50.843 - Datasource mysql8-19cfcee8be4-49c3acdce2813027 not found in project General (/General/Scripts/Script-1.sql)
2026-03-17 20:16:50.845 - Datasource mysql8-19cfcee8be4-49c3acdce2813027 not found in project General (/General/Scripts/Script.sql)
2026-03-17 20:16:55.229 - Service 'org.jkiss.dbeaver.ui.UIServiceConnectionEditor' not found
2026-03-17 20:16:55.320 - Service 'org.jkiss.dbeaver.runtime.ui.UIServiceSecurity' not found
2026-03-17 20:17:16.745 - Connect with '127.0.0.1' (mysql8-19cfd3b212a-5fe0ea353055bbfc)
2026-03-17 20:17:16.746 - Execution context opened (127.0.0.1; Main; 2)
2026-03-17 20:17:16.865 - Error reading SQL keywords: Unknown column 'RESERVED' in 'WHERE'
2026-03-17 20:17:16.963 - Connected (mysql8-19cfd3b212a-5fe0ea353055bbfc, MySQL Connector/J [mysql-connector-j-8.2.0 (Revision: 06a1f724497fd81c6a659131fda822c9e5085b6c)])
2026-03-17 20:17:16.977 - Execution context closed (127.0.0.1, 2)
2026-03-17 20:17:16.977 - Disconnected (mysql8-19cfd3b212a-5fe0ea353055bbfc)
2026-03-17 20:17:23.566 - Connect with '127.0.0.1' (mysql8-19cfd3acd0d-4238d1102f5d8a16)
2026-03-17 20:17:23.567 - Execution context opened (127.0.0.1; Main; 3)
2026-03-17 20:17:23.572 - Execution context opened (127.0.0.1; Metadata; 4)
2026-03-17 20:17:23.576 - Error reading SQL keywords: Unknown column 'RESERVED' in 'WHERE'
2026-03-17 20:17:23.608 - Connected (mysql8-19cfd3acd0d-4238d1102f5d8a16, MySQL Connector/J [mysql-connector-j-8.2.0 (Revision: 06a1f724497fd81c6a659131fda822c9e5085b6c)])
2026-03-17 20:17:30.058 - Datasource mysql8-19cfcee8be4-49c3acdce2813027 not found in project General (/General/Scripts/Script-1.sql)
2026-03-17 20:17:30.061 - Datasource mysql8-19cfcee8be4-49c3acdce2813027 not found in project General (/General/Scripts/Script.sql)
2026-03-17 20:17:34.989 - No active connection
2026-03-17 20:17:35.051 - Datasource mysql8-19cfcee8be4-49c3acdce2813027 not found in project General (/General/Scripts/Script-1.sql)
2026-03-17 20:17:35.052 - Datasource mysql8-19cfcee8be4-49c3acdce2813027 not found in project General (/General/Scripts/Script.sql)
2026-03-17 20:17:39.926 - Datasource mysql8-19cfcee8be4-49c3acdce2813027 not found in project General (/General/Scripts/Script-1.sql)
2026-03-17 20:17:39.927 - Datasource mysql8-19cfcee8be4-49c3acdce2813027 not found in project General (/General/Scripts/Script.sql)
2026-03-17 20:17:41.400 - Datasource mysql8-19cfcee8be4-49c3acdce2813027 not found in project General (/General/Scripts/Script-1.sql)
2026-03-17 20:17:41.403 - Datasource mysql8-19cfcee8be4-49c3acdce2813027 not found in project General (/General/Scripts/Script.sql)
> Start Data Transfer UI [org.jkiss.dbeaver.data.transfer.ui 1.0.151.202511161745]
2026-03-17 20:17:43.677 - Service 'org.jkiss.dbeaver.ui.UIServiceConnectionEditor' not found
2026-03-17 20:17:43.723 - Service 'org.jkiss.dbeaver.runtime.ui.UIServiceSecurity' not found
2026-03-17 20:17:59.536 - Datasource mysql8-19cfcee8be4-49c3acdce2813027 not found in project General (/General/Scripts/Script-1.sql)
2026-03-17 20:17:59.538 - Datasource mysql8-19cfcee8be4-49c3acdce2813027 not found in project General (/General/Scripts/Script.sql)
2026-03-17 20:18:04.255 - Datasource mysql8-19cfcee8be4-49c3acdce2813027 not found in project General (/General/Scripts/Script.sql)
2026-03-17 20:18:04.301 - Datasource mysql8-19cfcee8be4-49c3acdce2813027 not found in project General (/General/Scripts/Script.sql)
2026-03-17 20:18:04.499 - Datasource mysql8-19cfcee8be4-49c3acdce2813027 not found in project General (/General/Scripts/Script.sql)
2026-03-17 20:18:04.746 - Datasource mysql8-19cfcee8be4-49c3acdce2813027 not found in project General (/General/Scripts/Script-1.sql)
2026-03-17 20:18:05.278 - Datasource mysql8-19cfcee8be4-49c3acdce2813027 not found in project General (/General/Scripts/Script-1.sql)
2026-03-17 20:18:05.411 - Datasource mysql8-19cfcee8be4-49c3acdce2813027 not found in project General (/General/Scripts/Script-1.sql)
2026-03-17 20:18:05.671 - Datasource mysql8-19cfcee8be4-49c3acdce2813027 not found in project General (/General/Scripts/Script-1.sql)
> Start DBeaver Data Transfer [org.jkiss.dbeaver.data.transfer 2.0.151.202511161745]
2026-03-17 20:18:09.568 - Execution context opened (127.0.0.1; SQLEditor <Script-2.sql>; 5)
2026-03-17 20:28:43.398 - Execution context closed (127.0.0.1, 5)
2026-03-17 20:28:43.730 - Dispose navigator model
2026-03-17 20:28:43.818 - DBeaver is stopping
2026-03-17 20:28:43.822 - Stop instance server
2026-03-17 20:28:44.830 - Instance server has been stopped
2026-03-17 20:28:44.830 - DBeaver shutdown completed
