2026-03-12 23:58:24.769 - DBeaver 25.3.5.202602191014 is starting
2026-03-12 23:58:24.769 - OS: Linux 6.8.0-101-generic (amd64)
2026-03-12 23:58:24.769 - Java version: 21.0.8 by Eclipse Adoptium (64bit)
2026-03-12 23:58:24.769 - Install path: '/usr/share/dbeaver-ce'
2026-03-12 23:58:24.770 - Instance path: 'file:/home/yomismo/Documentos/MySQL/BBDD/BBDD_03/DBEAVER_WORKSPACE/'
2026-03-12 23:58:24.771 - Memory available 64Mb/1024Mb
2026-03-12 23:58:24.779 - Create display
2026-03-12 23:58:24.964 - Initialize desktop platform...
2026-03-12 23:58:25.085 - BounceCastle bundle found. Use JCE provider BC
> Start Core File Systems [org.eclipse.core.filesystem 1.11.400.v20251107-0507]
> Start Core Resource Management [org.eclipse.core.resources 3.23.100.v20251106-1705]
> Start Team Support Core [org.eclipse.team.core 3.10.900.v20251104-0924]
> Start DBeaver UI Navigator [org.jkiss.dbeaver.ui.navigator 1.0.173.202602191014]
2026-03-12 23:58:25.241 - Initialize base platform...
2026-03-12 23:58:25.251 - Platform initialized (287ms)
> Start Equinox Java Authentication and Authorization Service (JAAS) [org.eclipse.equinox.security 1.4.700.v20250622-1644]
> Start Internet Connection Management UI [org.eclipse.ui.net 1.5.500.v20250611-0855]
> Start Internet Connection Management [org.eclipse.core.net 1.5.800.v20250613-1119]
2026-03-12 23:58:25.343 - Proxy service 'org.eclipse.core.net.proxy.IProxyService' loaded
2026-03-12 23:58:25.417 - Starting instance server at http://localhost:38295
2026-03-12 23:58:25.426 - Run workbench
> Start Eclipse IDE UI [org.eclipse.ui.ide 3.22.800.v20251112-0859]
> Start Eclipse e4 Workbench SWT [org.eclipse.e4.ui.workbench.swt 0.17.1000.v20251023-0611]
> Start Eclipse Application Services [org.eclipse.e4.core.services 2.5.300.v20251112-1253]
> Start Eclipse UI Application Services [org.eclipse.e4.ui.services 1.6.600.v20251023-1358]
> Start Eclipse e4 Progress View [org.eclipse.e4.ui.progress 0.4.900.v20251023-1511]
> Start Eclipse Bindings Support [org.eclipse.e4.ui.bindings 0.14.800.v20250916-0937]
> Start Eclipse e4 core commands [org.eclipse.e4.core.commands 1.1.700.v20250916-0927]
> Start EMF XML/XMI Persistence [org.eclipse.emf.ecore.xmi 2.39.0.v20250910-1205]
> Start Eclipse CSS SWT Theme Support [org.eclipse.e4.ui.css.swt.theme 0.14.600.v20251023-0615]
> Start Eclipse e4 Workbench Add-ons [org.eclipse.e4.ui.workbench.addons.swt 1.5.900.v20251007-0832]
> Start Eclipse e4 Workbench SWT Renderer [org.eclipse.e4.ui.workbench.renderers.swt 0.16.1000.v20251114-0005]
> Start Eclipse Dependency Injection Extensions [org.eclipse.e4.core.di.extensions 0.18.300.v20240413-1529]
> Start DBeaver AI Model [org.jkiss.dbeaver.model.ai 2.0.16.202602191014]
> Start DBeaver AI UI [org.jkiss.dbeaver.ui.ai 1.0.75.202602191014]
> Start Eclipse CSS SWT Support [org.eclipse.e4.ui.css.swt 0.15.700.v20251023-1511]
> Start JFace Text [org.eclipse.jface.text 3.29.0.v20251112-0859]
> Start Default Text Editor [org.eclipse.ui.editors 3.20.200.v20251125-0939]
> Start Text Editor Framework [org.eclipse.ui.workbench.texteditor 3.19.400.v20251105-0815]
2026-03-12 23:58:26.834 - Configure workbench window
> Start DBeaver SQL Model [org.jkiss.dbeaver.model.sql 1.0.163.202602191014]
2026-03-12 23:58:26.936 - Total database drivers: 126 (126)
> Start Help System Core [org.eclipse.help 3.10.600.v20250613-0437]
2026-03-12 23:58:27.083 - Create actions
2026-03-12 23:58:27.481 - Initialize workbench window
2026-03-12 23:58:28.295 - Finish initialization
> Start DBeaver UI Editors - Data [org.jkiss.dbeaver.ui.editors.data 1.0.173.202602191014]
> Start DBeaver UI Editors - SQL [org.jkiss.dbeaver.ui.editors.sql 1.0.173.202602191014]
> Start DBeaver SQL Terminal [org.jkiss.dbeaver.ui.editors.sql.terminal 1.0.149.202602191014]
> Start Core Compare Support [org.eclipse.compare.core 3.8.800.v20250718-1505]
> Start DBeaver Sample Database [org.jkiss.dbeaver.ui.config.sample 1.0.210.202602191014]
> Start DBeaver Dashboard UI [org.jkiss.dbeaver.ui.dashboard 1.0.170.202602191014]
> Start GEF Classic Draw2d [org.eclipse.draw2d 3.21.0.202512020742]
> Start GEF Classic GEF (MVC) [org.eclipse.gef 3.24.0.202511201732]
> Start DBeaver ERD UI [org.jkiss.dbeaver.ui.editors.erd 3.1.14.202602191014]
> Start DBeaver ERD Model [org.jkiss.dbeaver.model.erd 1.1.14.202602191014]
> Start Console [org.eclipse.ui.console 3.15.0.v20251113-1013]
> Start Debug Core [org.eclipse.debug.core 3.23.200.v20251107-0507]
> Start DBeaver SQL Language Semantic Model [org.jkiss.dbeaver.model.lsm 1.0.68.202602191014]
2026-03-12 23:58:56.696 - Dispose navigator model
2026-03-12 23:58:56.861 - DBeaver is stopping
2026-03-12 23:58:56.864 - Stop instance server
2026-03-12 23:58:57.877 - DBeaver shutdown completed
