2026-04-28 17:52:50.162 - DBeaver 26.0.0.202603011816 is starting
2026-04-28 17:52:50.163 - OS: Windows 11 10.0 (amd64)
2026-04-28 17:52:50.163 - Java version: 21.0.8 by Eclipse Adoptium (64bit)
2026-04-28 17:52:50.163 - Install path: 'C:\Users\sanpc\AppData\Local\DBeaver'
2026-04-28 17:52:50.163 - Instance path: 'file:/D:/SanVic/Documents/2025(02)/DAW_DUAL(2025-2026)/BASES DE DATOS(2025-2026)/BBDD_03/DB_WORKSPACE_CASA/'
2026-04-28 17:52:50.165 - Memory available 64Mb/1024Mb
2026-04-28 17:52:50.168 - Initialize desktop platform...
2026-04-28 17:52:50.260 - BounceCastle bundle found. Use JCE provider BC
> Start Core File Systems [org.eclipse.core.filesystem 1.11.400.v20251107-0507]
> Start Core Resource Management [org.eclipse.core.resources 3.23.100.v20251106-1705]
> Start DBeaver UI Navigator [org.jkiss.dbeaver.ui.navigator 1.0.174.202603011816]
> Start Team Support Core [org.eclipse.team.core 3.10.900.v20251104-0924]
> Start Equinox Java Authentication and Authorization Service (JAAS) [org.eclipse.equinox.security 1.4.700.v20250622-1644]
> Start Internet Connection Management UI [org.eclipse.ui.net 1.5.500.v20250611-0855]
> Start Internet Connection Management [org.eclipse.core.net 1.5.800.v20250613-1119]
2026-04-28 17:52:50.416 - Proxy service 'org.eclipse.core.net.proxy.IProxyService' loaded
2026-04-28 17:52:50.426 - Initialize base platform...
2026-04-28 17:52:50.436 - Platform initialized (268ms)
2026-04-28 17:52:50.445 - Create display
2026-04-28 17:52:50.625 - Starting instance server at http://localhost:59394
2026-04-28 17:52:50.631 - Run workbench
> Start Eclipse e4 Workbench SWT [org.eclipse.e4.ui.workbench.swt 0.17.1000.v20251023-0611]
> Start Eclipse Application Services [org.eclipse.e4.core.services 2.5.300.v20251112-1253]
> Start Eclipse UI Application Services [org.eclipse.e4.ui.services 1.6.600.v20251023-1358]
> Start Eclipse e4 Progress View [org.eclipse.e4.ui.progress 0.4.900.v20251023-1511]
> Start Eclipse Bindings Support [org.eclipse.e4.ui.bindings 0.14.800.v20250916-0937]
> Start Eclipse e4 core commands [org.eclipse.e4.core.commands 1.1.700.v20250916-0927]
> Start EMF XML/XMI Persistence [org.eclipse.emf.ecore.xmi 2.39.0.v20250910-1205]
> Start Eclipse CSS SWT Theme Support [org.eclipse.e4.ui.css.swt.theme 0.14.600.v20251023-0615]
> Start Eclipse e4 Workbench Add-ons [org.eclipse.e4.ui.workbench.addons.swt 1.5.900.v20251007-0832]
> Start Eclipse e4 Workbench SWT Renderer [org.eclipse.e4.ui.workbench.renderers.swt 0.16.1000.v20251114-0005]
> Start Eclipse Dependency Injection Extensions [org.eclipse.e4.core.di.extensions 0.18.300.v20240413-1529]
> Start DBeaver AI Model [org.jkiss.dbeaver.model.ai 2.0.17.202603011816]
> Start DBeaver AI UI [org.jkiss.dbeaver.ui.ai 1.0.76.202603011816]
> Start Eclipse CSS SWT Support [org.eclipse.e4.ui.css.swt 0.15.700.v20251023-1511]
> Start JFace Text [org.eclipse.jface.text 3.29.0.v20251112-0859]
> Start Default Text Editor [org.eclipse.ui.editors 3.20.200.v20251125-0939]
> Start Text Editor Framework [org.eclipse.ui.workbench.texteditor 3.19.400.v20251105-0815]
2026-04-28 17:52:51.889 - Configure workbench window
> Start DBeaver SQL Model [org.jkiss.dbeaver.model.sql 1.0.164.202603011816]
2026-04-28 17:52:52.016 - Total database drivers: 128 (128)
> Start Help System Core [org.eclipse.help 3.10.600.v20250613-0437]
2026-04-28 17:52:52.078 - Create actions
2026-04-28 17:52:52.491 - Initialize workbench window
2026-04-28 17:52:52.502 - Finish initialization
> Start DBeaver UI Editors - Data [org.jkiss.dbeaver.ui.editors.data 1.0.174.202603011816]
> Start DBeaver UI Editors - SQL [org.jkiss.dbeaver.ui.editors.sql 1.0.174.202603011816]
> Start DBeaver SQL Terminal [org.jkiss.dbeaver.ui.editors.sql.terminal 1.0.150.202603011816]
> Start Core Compare Support [org.eclipse.compare.core 3.8.800.v20250718-1505]
> Start DBeaver Sample Database [org.jkiss.dbeaver.ui.config.sample 1.0.211.202603011816]
> Start DBeaver Dashboard UI [org.jkiss.dbeaver.ui.dashboard 1.0.171.202603011816]
> Start GEF Classic Draw2d [org.eclipse.draw2d 3.21.0.202512020742]
> Start GEF Classic GEF (MVC) [org.eclipse.gef 3.24.0.202511201732]
> Start DBeaver ERD UI [org.jkiss.dbeaver.ui.editors.erd 3.1.15.202603011816]
> Start DBeaver ERD Model [org.jkiss.dbeaver.model.erd 1.1.15.202603011816]
> Start DBeaver JDBC Model [org.jkiss.dbeaver.model.jdbc 1.0.67.202603011816]
> Start DBeaver MySQL Support [org.jkiss.dbeaver.ext.mysql 2.1.259.202603011816]
> Start Console [org.eclipse.ui.console 3.15.0.v20251113-1013]
> Start Debug Core [org.eclipse.debug.core 3.23.200.v20251107-0507]
> Start DBeaver Tasks - Native Tools UI [org.jkiss.dbeaver.tasks.native.ui 1.0.152.202603011816]
> Start DBeaver MySQL UI Support [org.jkiss.dbeaver.ext.mysql.ui 1.0.166.202603011816]
> Start DBeaver Tasks - General UI [org.jkiss.dbeaver.tasks.ui 1.0.152.202603011816]
2026-04-28 17:52:54.527 - Connect with 'localhost' (mysql8-19cfdcbc635-78d2407e596b5f47)
> Start DBeaver SSH Tunnels [org.jkiss.dbeaver.net.ssh 1.0.195.202603011816]
> Start DBeaver SSH implementation (SSHJ) [org.jkiss.dbeaver.net.ssh.sshj 1.0.195.202603011816]
> Start org.jkiss.bundle.sshj [org.jkiss.bundle.sshj 0.34.2]
2026-04-28 17:52:54.544 - SSHSessionController: Creating new session to s*****i@1*****0:22
2026-04-28 17:52:54.545 - SSHSessionController: Connecting session to s*****i@1*****0:22
> Start JSch Core [org.eclipse.jsch.core 1.5.700.v20250723-0831]
2026-04-28 17:52:54.720 - net.schmizz.sshj.transport.TransportImpl: Client identity string: SSH-2.0-SSHJ_0.40.0
2026-04-28 17:52:54.728 - net.schmizz.sshj.transport.TransportImpl: Server identity string: SSH-2.0-OpenSSH_8.9p1 Ubuntu-3ubuntu0.14
2026-04-28 17:52:54.809 - SSHSessionController: Set up port forwarding *****:13833 <- 1*****0:3306
2026-04-28 17:52:54.810 - net.schmizz.sshj.connection.channel.direct.LocalPortForwarder: Listening on localhost/127.0.0.1:13833
2026-04-28 17:52:54.824 - Execution context opened (localhost; Main; 0)
> Start DBeaver GIS Support [org.jkiss.dbeaver.data.gis 1.0.198.202603011816]
2026-04-28 17:52:54.975 - Execution context opened (localhost; Metadata; 1)
> Start DBeaver SQL Language Semantic Model [org.jkiss.dbeaver.model.lsm 1.0.69.202603011816]
2026-04-28 17:52:55.042 - Connected (mysql8-19cfdcbc635-78d2407e596b5f47, MySQL Connector/J [mysql-connector-j-8.2.0 (Revision: 06a1f724497fd81c6a659131fda822c9e5085b6c)])
2026-04-28 17:52:55.104 - Execution context opened (localhost; SQLEditor <Script-13.sql>; 2)
> Start DBeaver Data Transfer [org.jkiss.dbeaver.data.transfer 2.0.158.202603011816]
> Start DBeaver Tasks View [org.jkiss.dbeaver.tasks.ui.view 1.0.123.202603011816]
> Start DBeaver Dashboards Model [org.jkiss.dbeaver.model.dashboard 1.0.47.202603011816]
> Start Search Support [org.eclipse.search 3.17.400.v20251107-0917]
> Start Equinox Provisioning Metadata [org.eclipse.equinox.p2.metadata 2.9.600.v20251108-0408]
2026-04-28 19:02:04.169 - Execution context opened (localhost; SQLEditor <Script-12.sql>; 3)
2026-04-28 19:11:40.864 - Execution context opened (localhost; SQLEditor <Script-11.sql>; 4)
2026-04-28 19:22:05.215 - java.lang.NullPointerException: Cannot read the array length because "this.delimiters[k]" is null
java.lang.NullPointerException: Cannot read the array length because "this.delimiters[k]" is null
	at org.jkiss.dbeaver.model.sql.parser.rules.SQLDelimiterRule.evaluate(SQLDelimiterRule.java:62)
	at org.jkiss.dbeaver.model.text.parser.TPRuleBasedScanner.nextToken(TPRuleBasedScanner.java:196)
	at org.jkiss.dbeaver.model.sql.parser.SQLScriptParser.parseQueryImpl(SQLScriptParser.java:137)
	at org.jkiss.dbeaver.model.sql.parser.SQLScriptParser.extractQueryAtPosImpl(SQLScriptParser.java:645)
	at org.jkiss.dbeaver.model.sql.parser.SQLScriptParser.extractQueryAtPos(SQLScriptParser.java:501)
	at org.jkiss.dbeaver.ui.editors.sql.semantics.SQLBackgroundParsingJob.doWork(SQLBackgroundParsingJob.java:517)
	at org.jkiss.dbeaver.ui.editors.sql.semantics.SQLBackgroundParsingJob$1.run(SQLBackgroundParsingJob.java:86)
	at org.jkiss.dbeaver.model.runtime.AbstractJob.run(AbstractJob.java:110)
	at org.eclipse.core.internal.jobs.Worker.run(Worker.java:63)
2026-04-28 19:22:28.112 - java.lang.NullPointerException: Cannot read the array length because "this.delimiters[k]" is null
java.lang.NullPointerException: Cannot read the array length because "this.delimiters[k]" is null
	at org.jkiss.dbeaver.model.sql.parser.rules.SQLDelimiterRule.evaluate(SQLDelimiterRule.java:62)
	at org.jkiss.dbeaver.model.text.parser.TPRuleBasedScanner.nextToken(TPRuleBasedScanner.java:196)
	at org.jkiss.dbeaver.model.sql.parser.SQLScriptParser.parseQueryImpl(SQLScriptParser.java:137)
	at org.jkiss.dbeaver.model.sql.parser.SQLScriptParser.extractScriptQueries(SQLScriptParser.java:1008)
	at org.jkiss.dbeaver.ui.editors.sql.semantics.SQLBackgroundParsingJob.doWork(SQLBackgroundParsingJob.java:524)
	at org.jkiss.dbeaver.ui.editors.sql.semantics.SQLBackgroundParsingJob$1.run(SQLBackgroundParsingJob.java:86)
	at org.jkiss.dbeaver.model.runtime.AbstractJob.run(AbstractJob.java:110)
	at org.eclipse.core.internal.jobs.Worker.run(Worker.java:63)
2026-04-28 19:22:30.811 - java.lang.NullPointerException: Cannot read the array length because "this.delimiters[k]" is null
java.lang.NullPointerException: Cannot read the array length because "this.delimiters[k]" is null
	at org.jkiss.dbeaver.model.sql.parser.rules.SQLDelimiterRule.evaluate(SQLDelimiterRule.java:62)
	at org.jkiss.dbeaver.model.text.parser.TPRuleBasedScanner.nextToken(TPRuleBasedScanner.java:196)
	at org.jkiss.dbeaver.model.sql.parser.SQLScriptParser.parseQueryImpl(SQLScriptParser.java:137)
	at org.jkiss.dbeaver.model.sql.parser.SQLScriptParser.extractQueryAtPosImpl(SQLScriptParser.java:645)
	at org.jkiss.dbeaver.model.sql.parser.SQLScriptParser.extractQueryAtPos(SQLScriptParser.java:501)
	at org.jkiss.dbeaver.ui.editors.sql.semantics.SQLBackgroundParsingJob.doWork(SQLBackgroundParsingJob.java:534)
	at org.jkiss.dbeaver.ui.editors.sql.semantics.SQLBackgroundParsingJob$1.run(SQLBackgroundParsingJob.java:86)
	at org.jkiss.dbeaver.model.runtime.AbstractJob.run(AbstractJob.java:110)
	at org.eclipse.core.internal.jobs.Worker.run(Worker.java:63)
2026-04-28 19:35:11.800 - java.lang.NullPointerException
java.lang.NullPointerException
2026-04-28 19:36:05.180 - java.lang.NullPointerException
java.lang.NullPointerException
2026-04-28 20:07:08.278 - Search condition or value expression expected while facing with anyValue
2026-04-28 20:07:10.045 - Search condition or value expression expected while facing with anyValue
2026-04-28 20:07:11.019 - Search condition or value expression expected while facing with anyValue
2026-04-28 20:07:11.572 - Search condition or value expression expected while facing with anyValue
2026-04-28 20:07:31.765 - Search condition or value expression expected while facing with anyValue
2026-04-28 20:08:21.941 - Search condition or value expression expected while facing with anyValue
2026-04-28 20:08:53.631 - Search condition or value expression expected while facing with anyValue
2026-04-28 20:08:59.410 - Search condition or value expression expected while facing with anyValue
2026-04-28 20:09:19.330 - Search condition or value expression expected while facing with anyValue
2026-04-28 20:09:35.951 - Search condition or value expression expected while facing with anyValue
2026-04-28 20:10:31.716 - Search condition or value expression expected while facing with anyValue
2026-04-28 20:10:46.856 - Search condition or value expression expected while facing with anyValue
2026-04-28 20:11:20.166 - java.lang.NullPointerException
java.lang.NullPointerException
2026-04-28 20:11:24.580 - Search condition or value expression expected while facing with anyValue
2026-04-28 20:11:29.329 - Search condition or value expression expected while facing with anyValue
2026-04-28 20:11:41.427 - Search condition or value expression expected while facing with anyValue
2026-04-28 20:11:51.815 - Search condition or value expression expected while facing with anyValue
2026-04-28 20:12:12.033 - Search condition or value expression expected while facing with anyValue
2026-04-28 20:12:19.209 - Search condition or value expression expected while facing with anyValue
2026-04-28 20:12:21.462 - Search condition or value expression expected while facing with anyValue
2026-04-28 20:12:22.343 - Search condition or value expression expected while facing with anyValue
2026-04-28 20:12:23.590 - Search condition or value expression expected while facing with anyValue
2026-04-28 20:12:25.506 - Search condition or value expression expected while facing with anyValue
2026-04-28 20:12:28.042 - Search condition or value expression expected while facing with anyValue
2026-04-28 20:12:28.821 - Search condition or value expression expected while facing with anyValue
2026-04-28 20:12:32.098 - Search condition or value expression expected while facing with anyValue
2026-04-28 20:12:32.953 - Search condition or value expression expected while facing with anyValue
2026-04-28 20:12:34.586 - Search condition or value expression expected while facing with anyValue
2026-04-28 20:12:38.344 - Search condition or value expression expected while facing with anyValue
2026-04-28 20:12:40.005 - Search condition or value expression expected while facing with anyValue
2026-04-28 20:12:43.185 - Search condition or value expression expected while facing with anyValue
2026-04-28 20:12:46.804 - Search condition or value expression expected while facing with anyValue
2026-04-28 20:12:48.727 - Search condition or value expression expected while facing with anyValue
2026-04-28 20:12:50.173 - Search condition or value expression expected while facing with anyValue
2026-04-28 20:12:54.527 - Search condition or value expression expected while facing with anyValue
2026-04-28 20:13:45.247 - Search condition or value expression expected while facing with anyValue
2026-04-28 20:13:48.839 - Search condition or value expression expected while facing with anyValue
2026-04-28 20:13:51.228 - Search condition or value expression expected while facing with anyValue
2026-04-28 20:13:56.751 - Search condition or value expression expected while facing with anyValue
2026-04-28 20:14:24.482 - Search condition or value expression expected while facing with anyValue
2026-04-28 20:14:42.109 - Search condition or value expression expected while facing with anyValue
2026-04-28 20:14:49.103 - Search condition or value expression expected while facing with anyValue
2026-04-28 20:14:55.868 - Search condition or value expression expected while facing with anyValue
2026-04-28 20:14:58.651 - Search condition or value expression expected while facing with anyValue
2026-04-28 20:15:02.507 - Search condition or value expression expected while facing with anyValue
2026-04-28 20:15:09.582 - Search condition or value expression expected while facing with anyValue
2026-04-28 20:17:33.913 - Search condition or value expression expected while facing with anyValue
2026-04-28 20:17:34.486 - Search condition or value expression expected while facing with anyValue
2026-04-28 20:17:36.200 - Search condition or value expression expected while facing with anyValue
2026-04-28 20:18:00.916 - Search condition or value expression expected while facing with anyValue
2026-04-28 20:18:02.854 - Search condition or value expression expected while facing with anyValue
2026-04-28 20:18:06.486 - java.lang.NullPointerException
java.lang.NullPointerException
2026-04-28 20:18:14.700 - Search condition or value expression expected while facing with anyValue
2026-04-28 20:18:15.250 - Search condition or value expression expected while facing with anyValue
2026-04-28 20:18:24.097 - Search condition or value expression expected while facing with anyValue
2026-04-28 20:18:33.071 - Search condition or value expression expected while facing with anyValue
2026-04-28 20:18:36.360 - Search condition or value expression expected while facing with anyValue
2026-04-28 20:18:36.366 - Search condition or value expression expected while facing with anyValue
2026-04-28 20:18:56.396 - Search condition or value expression expected while facing with anyValue
2026-04-28 20:19:01.202 - Search condition or value expression expected while facing with anyValue
2026-04-28 20:19:03.004 - Search condition or value expression expected while facing with anyValue
2026-04-28 20:19:43.488 - Search condition or value expression expected while facing with anyValue
2026-04-28 20:19:43.494 - Search condition or value expression expected while facing with anyValue
2026-04-28 20:19:50.952 - Search condition or value expression expected while facing with anyValue
2026-04-28 20:19:50.960 - Search condition or value expression expected while facing with anyValue
2026-04-28 20:19:56.146 - Search condition or value expression expected while facing with anyValue
2026-04-28 20:20:01.324 - Search condition or value expression expected while facing with anyValue
2026-04-28 20:20:04.292 - Search condition or value expression expected while facing with anyValue
2026-04-28 20:20:26.071 - Search condition or value expression expected while facing with anyValue
2026-04-28 20:25:34.885 - Search condition or value expression expected while facing with anyValue
2026-04-28 20:25:52.933 - Search condition or value expression expected while facing with anyValue
2026-04-28 20:26:47.632 - Search condition or value expression expected while facing with anyValue
2026-04-28 20:26:54.326 - Search condition or value expression expected while facing with anyValue
2026-04-28 20:26:55.476 - Search condition or value expression expected while facing with anyValue
2026-04-28 20:26:56.163 - Search condition or value expression expected while facing with anyValue
2026-04-28 20:26:58.054 - Search condition or value expression expected while facing with anyValue
2026-04-28 20:27:01.060 - Search condition or value expression expected while facing with anyValue
2026-04-28 20:27:07.820 - Search condition or value expression expected while facing with anyValue
2026-04-28 20:27:07.821 - Search condition or value expression expected while facing with anyValue
2026-04-28 20:27:09.078 - Search condition or value expression expected while facing with anyValue
2026-04-28 20:27:09.079 - Search condition or value expression expected while facing with anyValue
2026-04-28 20:27:13.843 - Search condition or value expression expected while facing with anyValue
2026-04-28 20:27:15.206 - Search condition or value expression expected while facing with anyValue
2026-04-28 20:27:19.018 - Search condition or value expression expected while facing with anyValue
2026-04-28 20:27:19.020 - Search condition or value expression expected while facing with anyValue
2026-04-28 20:27:41.977 - Search condition or value expression expected while facing with anyValue
2026-04-28 20:27:42.918 - Search condition or value expression expected while facing with anyValue
2026-04-28 20:27:44.350 - Search condition or value expression expected while facing with anyValue
2026-04-28 20:27:44.351 - Search condition or value expression expected while facing with anyValue
2026-04-28 20:27:44.351 - Search condition or value expression expected while facing with anyValue
2026-04-28 20:27:45.176 - Search condition or value expression expected while facing with anyValue
2026-04-28 20:27:45.177 - Search condition or value expression expected while facing with anyValue
2026-04-28 20:27:46.396 - Search condition or value expression expected while facing with anyValue
2026-04-28 20:28:15.656 - Search condition or value expression expected while facing with anyValue
2026-04-28 20:28:15.657 - Search condition or value expression expected while facing with anyValue
2026-04-28 20:28:15.660 - Search condition or value expression expected while facing with anyValue
2026-04-28 20:28:19.017 - java.lang.NullPointerException
java.lang.NullPointerException
2026-04-28 20:28:51.056 - Search condition or value expression expected while facing with anyValue
2026-04-28 20:28:51.057 - Search condition or value expression expected while facing with anyValue
2026-04-28 20:28:51.057 - Search condition or value expression expected while facing with anyValue
2026-04-28 20:28:56.403 - java.lang.NullPointerException
java.lang.NullPointerException
2026-04-28 20:29:03.801 - Search condition or value expression expected while facing with anyValue
2026-04-28 20:29:03.802 - Search condition or value expression expected while facing with anyValue
2026-04-28 20:29:03.802 - Search condition or value expression expected while facing with anyValue
2026-04-28 20:29:08.514 - Search condition or value expression expected while facing with anyValue
2026-04-28 20:29:08.514 - Search condition or value expression expected while facing with anyValue
2026-04-28 20:29:08.515 - Search condition or value expression expected while facing with anyValue
2026-04-28 20:29:11.570 - Search condition or value expression expected while facing with anyValue
2026-04-28 20:29:11.574 - Search condition or value expression expected while facing with anyValue
2026-04-28 20:29:11.574 - Search condition or value expression expected while facing with anyValue
2026-04-28 20:29:14.201 - Search condition or value expression expected while facing with anyValue
2026-04-28 20:29:14.202 - Search condition or value expression expected while facing with anyValue
2026-04-28 20:29:14.203 - Search condition or value expression expected while facing with anyValue
2026-04-28 20:29:15.940 - Search condition or value expression expected while facing with anyValue
2026-04-28 20:29:15.941 - Search condition or value expression expected while facing with anyValue
2026-04-28 20:29:15.941 - Search condition or value expression expected while facing with anyValue
2026-04-28 20:30:00.014 - Search condition or value expression expected while facing with anyValue
2026-04-28 20:30:00.015 - Search condition or value expression expected while facing with anyValue
2026-04-28 20:30:00.019 - Search condition or value expression expected while facing with anyValue
2026-04-28 20:30:03.703 - Search condition or value expression expected while facing with anyValue
2026-04-28 20:30:03.704 - Search condition or value expression expected while facing with anyValue
2026-04-28 20:30:03.705 - Search condition or value expression expected while facing with anyValue
2026-04-28 20:32:38.298 - Search condition or value expression expected while facing with anyValue
2026-04-28 20:32:39.520 - Search condition or value expression expected while facing with anyValue
2026-04-28 20:33:39.139 - Search condition or value expression expected while facing with anyValue
2026-04-28 20:35:43.352 - Search condition or value expression expected while facing with anyValue
2026-04-28 20:35:43.353 - Search condition or value expression expected while facing with anyValue
2026-04-28 20:35:43.353 - Search condition or value expression expected while facing with anyValue
2026-04-28 20:36:12.303 - Search condition or value expression expected while facing with anyValue
2026-04-28 20:36:12.303 - Search condition or value expression expected while facing with anyValue
2026-04-28 20:36:12.303 - Search condition or value expression expected while facing with anyValue
2026-04-28 22:13:17.133 - Search condition or value expression expected while facing with anyValue
2026-04-28 22:13:48.234 - Search condition or value expression expected while facing with anyValue
2026-04-28 22:14:20.519 - Search condition or value expression expected while facing with anyValue
2026-04-28 22:15:24.875 - Search condition or value expression expected while facing with anyValue
2026-04-28 22:15:39.433 - Search condition or value expression expected while facing with anyValue
2026-04-28 22:15:48.530 - Search condition or value expression expected while facing with anyValue
2026-04-28 22:15:49.582 - Search condition or value expression expected while facing with anyValue
2026-04-28 22:15:59.468 - Search condition or value expression expected while facing with anyValue
2026-04-28 22:16:03.158 - Search condition or value expression expected while facing with anyValue
2026-04-28 22:16:13.692 - Search condition or value expression expected while facing with anyValue
2026-04-28 22:16:20.688 - Search condition or value expression expected while facing with anyValue
2026-04-28 22:17:14.435 - Search condition or value expression expected while facing with anyValue
2026-04-28 22:17:27.621 - Search condition or value expression expected while facing with anyValue
2026-04-28 22:17:59.132 - Search condition or value expression expected while facing with anyValue
2026-04-28 22:18:26.532 - Search condition or value expression expected while facing with anyValue
2026-04-28 22:18:28.720 - Search condition or value expression expected while facing with anyValue
2026-04-28 22:18:29.302 - Search condition or value expression expected while facing with anyValue
2026-04-28 22:18:55.799 - Search condition or value expression expected while facing with anyValue
2026-04-28 22:23:31.257 - java.lang.NullPointerException
java.lang.NullPointerException
2026-04-28 22:23:32.908 - Search condition or value expression expected while facing with anyValue
2026-04-28 22:23:32.909 - Search condition or value expression expected while facing with anyValue
2026-04-28 22:23:32.909 - Search condition or value expression expected while facing with anyValue
2026-04-28 22:23:33.860 - Search condition or value expression expected while facing with anyValue
2026-04-28 22:23:47.541 - Search condition or value expression expected while facing with anyValue
2026-04-28 22:23:48.660 - Search condition or value expression expected while facing with anyValue
2026-04-28 22:23:49.382 - java.lang.NullPointerException
java.lang.NullPointerException
2026-04-28 22:23:53.934 - Search condition or value expression expected while facing with anyValue
2026-04-28 22:23:59.681 - Search condition or value expression expected while facing with anyValue
2026-04-28 22:23:59.683 - Search condition or value expression expected while facing with anyValue
2026-04-28 22:23:59.684 - Search condition or value expression expected while facing with anyValue
2026-04-28 22:26:41.749 - Search condition or value expression expected while facing with anyValue
2026-04-28 22:26:41.751 - Search condition or value expression expected while facing with anyValue
2026-04-28 22:26:41.751 - Search condition or value expression expected while facing with anyValue
2026-04-28 22:27:57.259 - java.lang.NullPointerException
java.lang.NullPointerException
2026-04-28 22:28:43.594 - Search condition or value expression expected while facing with anyValue
2026-04-28 22:32:24.488 - Search condition or value expression expected while facing with anyValue
2026-04-28 22:32:24.489 - Search condition or value expression expected while facing with anyValue
2026-04-28 22:32:24.490 - Search condition or value expression expected while facing with anyValue
2026-04-28 22:32:31.446 - Search condition or value expression expected while facing with anyValue
2026-04-28 22:37:53.490 - Search condition or value expression expected while facing with anyValue
2026-04-28 22:37:55.370 - Search condition or value expression expected while facing with anyValue
2026-04-28 22:40:38.678 - Search condition or value expression expected while facing with anyValue
2026-04-28 22:40:47.276 - Search condition or value expression expected while facing with anyValue
2026-04-28 22:40:47.277 - Search condition or value expression expected while facing with anyValue
2026-04-28 22:40:47.279 - Search condition or value expression expected while facing with anyValue
2026-04-28 22:41:54.453 - Search condition or value expression expected while facing with anyValue
2026-04-28 22:42:09.853 - Search condition or value expression expected while facing with anyValue
2026-04-28 22:42:12.853 - Search condition or value expression expected while facing with anyValue
2026-04-28 22:42:12.867 - Search condition or value expression expected while facing with anyValue
2026-04-28 22:42:20.858 - Table 'PorciTEIS.Temp_Resultados' not found in metadata catalog
2026-04-28 22:42:20.858 - Table 'PorciTEIS.Temp_Resultados' not found in metadata catalog
2026-04-28 22:42:31.932 - Search condition or value expression expected while facing with anyValue
2026-04-28 22:42:31.943 - Search condition or value expression expected while facing with anyValue
2026-04-28 22:42:48.030 - Search condition or value expression expected while facing with anyValue
2026-04-28 22:43:06.826 - Search condition or value expression expected while facing with anyValue
2026-04-28 22:43:06.840 - Search condition or value expression expected while facing with anyValue
2026-04-28 22:43:21.161 - Search condition or value expression expected while facing with anyValue
2026-04-28 22:43:22.102 - Search condition or value expression expected while facing with anyValue
2026-04-28 22:43:22.115 - Search condition or value expression expected while facing with anyValue
2026-04-28 22:43:23.839 - Search condition or value expression expected while facing with anyValue
2026-04-28 22:43:29.705 - Search condition or value expression expected while facing with anyValue
2026-04-28 22:43:35.601 - Search condition or value expression expected while facing with anyValue
2026-04-28 22:43:35.611 - Search condition or value expression expected while facing with anyValue
2026-04-28 22:43:36.935 - Search condition or value expression expected while facing with anyValue
2026-04-28 22:43:37.656 - Search condition or value expression expected while facing with anyValue
2026-04-28 22:43:49.539 - Search condition or value expression expected while facing with anyValue
2026-04-28 22:43:49.554 - Search condition or value expression expected while facing with anyValue
2026-04-28 22:44:00.770 - Search condition or value expression expected while facing with anyValue
2026-04-28 22:44:03.246 - Search condition or value expression expected while facing with anyValue
2026-04-28 22:44:04.801 - Search condition or value expression expected while facing with anyValue
2026-04-28 22:44:08.357 - Search condition or value expression expected while facing with anyValue
2026-04-28 22:44:08.360 - Search condition or value expression expected while facing with anyValue
2026-04-28 22:44:25.383 - Search condition or value expression expected while facing with anyValue
2026-04-28 22:44:26.568 - Search condition or value expression expected while facing with anyValue
2026-04-28 22:44:30.903 - Search condition or value expression expected while facing with anyValue
2026-04-28 22:44:30.904 - Search condition or value expression expected while facing with anyValue
2026-04-28 22:44:30.905 - Search condition or value expression expected while facing with anyValue
2026-04-28 22:44:30.915 - Search condition or value expression expected while facing with anyValue
2026-04-28 22:44:30.919 - Search condition or value expression expected while facing with anyValue
2026-04-28 22:45:39.983 - Search condition or value expression expected while facing with anyValue
2026-04-28 22:45:43.213 - Search condition or value expression expected while facing with anyValue
2026-04-28 22:45:43.214 - Search condition or value expression expected while facing with anyValue
2026-04-28 22:45:43.215 - Search condition or value expression expected while facing with anyValue
2026-04-28 22:45:53.823 - Search condition or value expression expected while facing with anyValue
2026-04-28 22:45:53.824 - Search condition or value expression expected while facing with anyValue
2026-04-28 22:45:53.824 - Search condition or value expression expected while facing with anyValue
2026-04-28 22:46:10.840 - Search condition or value expression expected while facing with anyValue
2026-04-28 22:46:10.842 - Search condition or value expression expected while facing with anyValue
2026-04-28 22:46:10.855 - Search condition or value expression expected while facing with anyValue
2026-04-28 22:46:12.162 - Search condition or value expression expected while facing with anyValue
2026-04-28 22:46:12.166 - Search condition or value expression expected while facing with anyValue
2026-04-28 22:46:12.175 - Search condition or value expression expected while facing with anyValue
2026-04-28 22:49:29.493 - Search condition or value expression expected while facing with anyValue
2026-04-28 22:49:52.492 - Search condition or value expression expected while facing with anyValue
2026-04-28 22:49:54.249 - Search condition or value expression expected while facing with anyValue
2026-04-28 22:49:54.252 - Search condition or value expression expected while facing with anyValue
2026-04-28 22:49:54.252 - Search condition or value expression expected while facing with anyValue
2026-04-28 22:49:54.253 - Search condition or value expression expected while facing with anyValue
2026-04-28 22:50:23.523 - Search condition or value expression expected while facing with anyValue
2026-04-28 22:50:23.527 - Search condition or value expression expected while facing with anyValue
2026-04-28 22:50:23.527 - Search condition or value expression expected while facing with anyValue
2026-04-28 22:50:23.528 - Search condition or value expression expected while facing with anyValue
2026-04-28 22:50:23.544 - Search condition or value expression expected while facing with anyValue
2026-04-28 22:50:31.878 - Search condition or value expression expected while facing with anyValue
2026-04-28 22:50:41.285 - Search condition or value expression expected while facing with anyValue
2026-04-28 22:50:45.239 - Search condition or value expression expected while facing with anyValue
2026-04-28 22:50:50.705 - Search condition or value expression expected while facing with anyValue
2026-04-28 22:50:57.790 - Search condition or value expression expected while facing with anyValue
2026-04-28 22:51:01.400 - Search condition or value expression expected while facing with anyValue
2026-04-28 22:51:04.173 - Search condition or value expression expected while facing with anyValue
2026-04-28 22:51:19.420 - Search condition or value expression expected while facing with anyValue
2026-04-28 22:51:22.432 - Search condition or value expression expected while facing with anyValue
2026-04-28 22:51:22.434 - Search condition or value expression expected while facing with anyValue
2026-04-28 22:51:26.573 - Search condition or value expression expected while facing with anyValue
2026-04-28 22:51:26.577 - Search condition or value expression expected while facing with anyValue
2026-04-28 22:51:26.577 - Search condition or value expression expected while facing with anyValue
2026-04-28 22:51:26.577 - Search condition or value expression expected while facing with anyValue
2026-04-28 22:51:46.136 - Search condition or value expression expected while facing with anyValue
2026-04-28 22:51:46.885 - Search condition or value expression expected while facing with anyValue
2026-04-28 22:51:50.100 - Search condition or value expression expected while facing with anyValue
2026-04-28 22:54:49.319 - Search condition or value expression expected while facing with anyValue
2026-04-28 22:55:14.345 - Search condition or value expression expected while facing with anyValue
2026-04-28 22:56:02.943 - java.lang.NullPointerException
java.lang.NullPointerException
2026-04-28 22:56:56.382 - Search condition or value expression expected while facing with anyValue
2026-04-28 22:58:39.806 - Search condition or value expression expected while facing with anyValue
2026-04-28 22:58:39.809 - Search condition or value expression expected while facing with anyValue
2026-04-28 22:58:52.881 - Search condition or value expression expected while facing with anyValue
2026-04-28 22:59:03.168 - Search condition or value expression expected while facing with anyValue
2026-04-28 22:59:08.897 - Search condition or value expression expected while facing with anyValue
2026-04-28 22:59:11.363 - Search condition or value expression expected while facing with anyValue
2026-04-28 22:59:12.127 - Search condition or value expression expected while facing with anyValue
2026-04-28 22:59:19.009 - Search condition or value expression expected while facing with anyValue
2026-04-28 22:59:34.950 - Search condition or value expression expected while facing with anyValue
2026-04-28 22:59:46.326 - Search condition or value expression expected while facing with anyValue
2026-04-28 22:59:46.972 - Search condition or value expression expected while facing with anyValue
2026-04-28 23:00:16.268 - Search condition or value expression expected while facing with anyValue
2026-04-28 23:00:23.022 - Search condition or value expression expected while facing with anyValue
2026-04-28 23:00:26.475 - Search condition or value expression expected while facing with anyValue
2026-04-28 23:00:31.874 - Search condition or value expression expected while facing with anyValue
2026-04-28 23:00:41.729 - Search condition or value expression expected while facing with anyValue
2026-04-28 23:00:47.501 - Search condition or value expression expected while facing with anyValue
2026-04-28 23:00:58.249 - Search condition or value expression expected while facing with anyValue
2026-04-28 23:01:18.797 - Search condition or value expression expected while facing with anyValue
2026-04-28 23:01:28.637 - Search condition or value expression expected while facing with anyValue
2026-04-28 23:01:41.562 - Search condition or value expression expected while facing with anyValue
2026-04-28 23:01:45.051 - Search condition or value expression expected while facing with anyValue
2026-04-28 23:01:45.719 - Search condition or value expression expected while facing with anyValue
2026-04-28 23:01:47.189 - Search condition or value expression expected while facing with anyValue
2026-04-28 23:01:50.516 - Search condition or value expression expected while facing with anyValue
2026-04-28 23:01:51.545 - Search condition or value expression expected while facing with anyValue
2026-04-28 23:01:52.953 - Search condition or value expression expected while facing with anyValue
2026-04-28 23:01:53.736 - Search condition or value expression expected while facing with anyValue
2026-04-28 23:02:15.438 - Search condition or value expression expected while facing with anyValue
2026-04-28 23:05:23.067 - Search condition or value expression expected while facing with anyValue
2026-04-28 23:05:58.620 - Search condition or value expression expected while facing with anyValue
2026-04-28 23:07:27.371 - Table 'PorciTEIS.Temp_Eventos' not found in metadata catalog
2026-04-28 23:07:27.371 - Table 'PorciTEIS.Temp_Eventos' not found in metadata catalog
2026-04-28 23:07:27.371 - Table 'PorciTEIS.Temp_Eventos' not found in metadata catalog
2026-04-28 23:07:43.679 - Search condition or value expression expected while facing with anyValue
2026-04-28 23:08:18.654 - Search condition or value expression expected while facing with anyValue
2026-04-28 23:08:18.659 - Search condition or value expression expected while facing with anyValue
2026-04-28 23:08:18.660 - Search condition or value expression expected while facing with anyValue
2026-04-28 23:08:18.661 - Search condition or value expression expected while facing with anyValue
2026-04-28 23:49:19.588 - java.lang.NullPointerException
java.lang.NullPointerException
2026-04-28 23:49:27.712 - java.lang.NullPointerException
java.lang.NullPointerException
2026-04-28 23:49:45.788 - java.lang.NullPointerException
java.lang.NullPointerException
Exception in thread "org.eclipse.jface.text.reconciler.MonoReconciler" java.lang.NullPointerException
2026-04-29 00:04:34.224 - Execution context closed (localhost, 3)
2026-04-29 00:04:34.241 - Execution context closed (localhost, 4)
2026-04-29 00:04:34.276 - Execution context closed (localhost, 2)
2026-04-29 00:04:34.425 - Dispose navigator model
2026-04-29 00:04:34.448 - DBeaver is stopping
2026-04-29 00:04:34.451 - Stop instance server
2026-04-29 00:04:35.456 - Instance server has been stopped
2026-04-29 00:04:35.456 - DBeaver shutdown completed
2026-04-29 00:04:35.492 - Shutdown desktop platform...
2026-04-29 00:04:35.505 - Execution context closed (localhost, 0)
2026-04-29 00:04:35.515 - Execution context closed (localhost, 1)
2026-04-29 00:04:35.515 - SSHSessionController: Remove port forwarding *****:13833 <- 1*****0:3306
2026-04-29 00:04:35.515 - net.schmizz.sshj.connection.channel.direct.LocalPortForwarder: Closing listener on localhost/127.0.0.1:13833
2026-04-29 00:04:35.515 - SSHSessionController: Releasing session for localhost [MySQL]
2026-04-29 00:04:35.516 - SSHSessionController: Disconnecting session to s*****i@1*****0:22
2026-04-29 00:04:35.516 - net.schmizz.sshj.transport.TransportImpl: Disconnected - BY_APPLICATION
2026-04-29 00:04:35.517 - Disconnected (mysql8-19cfdcbc635-78d2407e596b5f47)
2026-04-29 00:04:35.615 - Platform shutdown completed (122ms)
