2026-03-20 18:40:22.239 - DBeaver 26.0.0.202603011816 is starting
2026-03-20 18:40:22.242 - OS: Windows 11 10.0 (amd64)
2026-03-20 18:40:22.243 - Java version: 21.0.8 by Eclipse Adoptium (64bit)
2026-03-20 18:40:22.243 - Install path: 'C:\Users\sanpc\AppData\Local\DBeaver'
2026-03-20 18:40:22.243 - Instance path: 'file:/D:/SanVic/Documents/2025(02)/DAW_DUAL(2025-2026)/BASES DE DATOS(2025-2026)/BBDD_03/DB_WORKSPACE_CASA/'
2026-03-20 18:40:22.245 - Memory available 64Mb/1024Mb
2026-03-20 18:40:22.251 - Initialize desktop platform...
2026-03-20 18:40:22.391 - BounceCastle bundle found. Use JCE provider BC
> Start Core File Systems [org.eclipse.core.filesystem 1.11.400.v20251107-0507]
> Start Core Resource Management [org.eclipse.core.resources 3.23.100.v20251106-1705]
> Start Team Support Core [org.eclipse.team.core 3.10.900.v20251104-0924]
> Start DBeaver UI Navigator [org.jkiss.dbeaver.ui.navigator 1.0.174.202603011816]
> Start Equinox Java Authentication and Authorization Service (JAAS) [org.eclipse.equinox.security 1.4.700.v20250622-1644]
> Start Internet Connection Management UI [org.eclipse.ui.net 1.5.500.v20250611-0855]
> Start Internet Connection Management [org.eclipse.core.net 1.5.800.v20250613-1119]
2026-03-20 18:40:22.633 - Proxy service 'org.eclipse.core.net.proxy.IProxyService' loaded
2026-03-20 18:40:22.648 - Initialize base platform...
2026-03-20 18:40:22.663 - Platform initialized (412ms)
2026-03-20 18:40:22.668 - Create display
2026-03-20 18:40:22.940 - Starting instance server at http://localhost:58099
2026-03-20 18:40:22.951 - Run workbench
> Start Eclipse e4 Workbench SWT [org.eclipse.e4.ui.workbench.swt 0.17.1000.v20251023-0611]
> Start Eclipse Application Services [org.eclipse.e4.core.services 2.5.300.v20251112-1253]
> Start Eclipse UI Application Services [org.eclipse.e4.ui.services 1.6.600.v20251023-1358]
> Start Eclipse e4 Progress View [org.eclipse.e4.ui.progress 0.4.900.v20251023-1511]
> Start Eclipse Bindings Support [org.eclipse.e4.ui.bindings 0.14.800.v20250916-0937]
> Start Eclipse e4 core commands [org.eclipse.e4.core.commands 1.1.700.v20250916-0927]
> Start EMF XML/XMI Persistence [org.eclipse.emf.ecore.xmi 2.39.0.v20250910-1205]
> Start Eclipse CSS SWT Theme Support [org.eclipse.e4.ui.css.swt.theme 0.14.600.v20251023-0615]
> Start Eclipse e4 Workbench Add-ons [org.eclipse.e4.ui.workbench.addons.swt 1.5.900.v20251007-0832]
> Start Eclipse e4 Workbench SWT Renderer [org.eclipse.e4.ui.workbench.renderers.swt 0.16.1000.v20251114-0005]
> Start Eclipse Dependency Injection Extensions [org.eclipse.e4.core.di.extensions 0.18.300.v20240413-1529]
> Start DBeaver AI Model [org.jkiss.dbeaver.model.ai 2.0.17.202603011816]
> Start DBeaver AI UI [org.jkiss.dbeaver.ui.ai 1.0.76.202603011816]
> Start Eclipse CSS SWT Support [org.eclipse.e4.ui.css.swt 0.15.700.v20251023-1511]
> Start JFace Text [org.eclipse.jface.text 3.29.0.v20251112-0859]
> Start Default Text Editor [org.eclipse.ui.editors 3.20.200.v20251125-0939]
> Start Text Editor Framework [org.eclipse.ui.workbench.texteditor 3.19.400.v20251105-0815]
2026-03-20 18:40:24.919 - Configure workbench window
> Start DBeaver SQL Model [org.jkiss.dbeaver.model.sql 1.0.164.202603011816]
2026-03-20 18:40:25.138 - Total database drivers: 128 (128)
> Start Help System Core [org.eclipse.help 3.10.600.v20250613-0437]
2026-03-20 18:40:25.236 - Create actions
2026-03-20 18:40:25.986 - Initialize workbench window
2026-03-20 18:40:26.004 - Finish initialization
> Start DBeaver UI Editors - Data [org.jkiss.dbeaver.ui.editors.data 1.0.174.202603011816]
> Start DBeaver UI Editors - SQL [org.jkiss.dbeaver.ui.editors.sql 1.0.174.202603011816]
> Start DBeaver SQL Terminal [org.jkiss.dbeaver.ui.editors.sql.terminal 1.0.150.202603011816]
> Start Core Compare Support [org.eclipse.compare.core 3.8.800.v20250718-1505]
> Start DBeaver Sample Database [org.jkiss.dbeaver.ui.config.sample 1.0.211.202603011816]
> Start DBeaver Dashboard UI [org.jkiss.dbeaver.ui.dashboard 1.0.171.202603011816]
> Start GEF Classic Draw2d [org.eclipse.draw2d 3.21.0.202512020742]
> Start GEF Classic GEF (MVC) [org.eclipse.gef 3.24.0.202511201732]
> Start DBeaver ERD UI [org.jkiss.dbeaver.ui.editors.erd 3.1.15.202603011816]
> Start DBeaver ERD Model [org.jkiss.dbeaver.model.erd 1.1.15.202603011816]
> Start DBeaver JDBC Model [org.jkiss.dbeaver.model.jdbc 1.0.67.202603011816]
> Start DBeaver MySQL Support [org.jkiss.dbeaver.ext.mysql 2.1.259.202603011816]
> Start Console [org.eclipse.ui.console 3.15.0.v20251113-1013]
> Start Debug Core [org.eclipse.debug.core 3.23.200.v20251107-0507]
> Start DBeaver Tasks - Native Tools UI [org.jkiss.dbeaver.tasks.native.ui 1.0.152.202603011816]
> Start DBeaver MySQL UI Support [org.jkiss.dbeaver.ext.mysql.ui 1.0.166.202603011816]
> Start DBeaver Tasks - General UI [org.jkiss.dbeaver.tasks.ui 1.0.152.202603011816]
2026-03-20 18:40:29.982 - Connect with 'localhost' (mysql8-19cfdcbc635-78d2407e596b5f47)
2026-03-20 18:40:30.016 - Execution context opened (localhost; Main; 0)
> Start DBeaver GIS Support [org.jkiss.dbeaver.data.gis 1.0.198.202603011816]
> Start DBeaver SQL Language Semantic Model [org.jkiss.dbeaver.model.lsm 1.0.69.202603011816]
2026-03-20 18:40:50.242 - Execution context closed (localhost, 0)
2026-03-20 19:05:16.509 - Connect with 'localhost' (mysql8-19cfdcbc635-78d2407e596b5f47)
2026-03-20 19:05:16.510 - Execution context opened (localhost; Main; 1)
2026-03-20 19:05:17.148 - Execution context opened (localhost; Metadata; 2)
2026-03-20 19:05:17.281 - Connected (mysql8-19cfdcbc635-78d2407e596b5f47, MySQL Connector/J [mysql-connector-j-8.2.0 (Revision: 06a1f724497fd81c6a659131fda822c9e5085b6c)])
2026-03-20 19:05:17.304 - Execution context opened (localhost; SQLEditor <CUQUITEIS_TAREA_TRANSACC.sql>; 3)
2026-03-20 19:05:31.299 - Execution context opened (localhost; SQLEditor <Script-3.sql>; 4)
2026-03-20 19:05:38.355 - Execution context closed (localhost, 4)
2026-03-20 19:05:38.357 - Delete empty SQL script '\General\Scripts\Script-3.sql'
> Start DBeaver Tasks View [org.jkiss.dbeaver.tasks.ui.view 1.0.123.202603011816]
> Start DBeaver PostgreSQL Model [org.jkiss.dbeaver.ext.postgresql 2.1.247.202603011816]
> Start DBeaver PostgreSQL UI [org.jkiss.dbeaver.ext.postgresql.ui 1.0.150.202603011816]
2026-03-20 19:08:08.210 - Execution context opened (localhost; SQLEditor <CuquiTEIS.Criador>; 5)
2026-03-20 19:08:50.156 - Execution context opened (localhost; SQLEditor <CuquiTEIS.Evento>; 6)
2026-03-20 19:09:19.457 - Execution context opened (localhost; SQLEditor <CuquiTEIS.Participacion_Evento>; 7)
2026-03-20 19:10:18.238 - Execution context opened (localhost; SQLEditor <CuquiTEIS.Perro>; 8)
2026-03-20 19:10:44.857 - Execution context opened (localhost; SQLEditor <CuquiTEIS.Premios>; 9)
> Start DBeaver Data Transfer [org.jkiss.dbeaver.data.transfer 2.0.158.202603011816]
> Start Data Transfer UI [org.jkiss.dbeaver.data.transfer.ui 1.0.158.202603011816]
> Start DBeaver UI Forms Toolkit [org.jkiss.dbeaver.ui.forms 1.0.2.202603011816]
> Start JFace Data Binding [org.eclipse.core.databinding 1.13.700.v20251023-1511]
> Start JFace Data Binding Properties [org.eclipse.core.databinding.property 1.10.500.v20250916-0931]
2026-03-20 19:12:27.277 - Execution context opened (localhost; SQLEditor <CuquiTEIS.Propietario>; 10)
2026-03-20 19:13:09.570 - Execution context opened (localhost; SQLEditor <CuquiTEIS.Raza>; 11)
2026-03-20 19:13:35.317 - Execution context closed (localhost, 11)
2026-03-20 19:13:35.907 - Execution context closed (localhost, 10)
2026-03-20 19:13:36.516 - Execution context closed (localhost, 9)
2026-03-20 19:13:36.968 - Execution context closed (localhost, 8)
2026-03-20 19:13:38.022 - Execution context closed (localhost, 7)
2026-03-20 19:13:38.372 - Execution context closed (localhost, 6)
2026-03-20 19:13:39.180 - Execution context closed (localhost, 5)
2026-03-20 20:11:49.889 - Execution context opened (localhost; SQLEditor <CUQUITEIS_CREAR_TRANSACC.sql>; 12)
2026-03-20 20:12:21.598 - Execution context closed (localhost, 12)
2026-03-20 20:12:23.311 - Execution context opened (localhost; SQLEditor <CUQUITEIS_RELLENAR_TRANSACC.sql>; 13)
2026-03-20 20:12:47.322 - Execution context closed (localhost, 13)
2026-03-20 20:14:24.190 - Object 'Evento_backup' not found in struct cache ()
2026-03-20 20:14:24.190 - Object 'Participacion_Evento_backup' not found in struct cache ()
2026-03-20 20:14:24.190 - Object 'Raza_backup' not found in struct cache ()
2026-03-20 20:14:24.190 - Object 'Perro_backup' not found in struct cache ()
2026-03-20 20:14:24.192 - Object 'Premios_backup' not found in struct cache ()
2026-03-20 20:14:24.192 - Object 'Criador_backup' not found in struct cache ()
2026-03-20 20:14:24.192 - Object 'Propietario_backup' not found in struct cache ()
2026-03-20 20:14:24.193 - Object 'Premios_backup' not found in struct cache ()
2026-03-20 20:14:24.195 - Object 'Perro_backup' not found in struct cache ()
2026-03-20 20:14:24.195 - Object 'Participacion_Evento_backup' not found in struct cache ()
2026-03-20 20:14:24.195 - Object 'Propietario_backup' not found in struct cache ()
2026-03-20 20:14:24.195 - Object 'Raza_backup' not found in struct cache ()
2026-03-20 20:14:24.195 - Object 'Criador_backup' not found in struct cache ()
2026-03-20 20:14:24.195 - Object 'Evento_backup' not found in struct cache ()
2026-03-20 20:14:24.196 - Object 'Premios_backup' not found in struct cache ()
2026-03-20 20:14:24.196 - Object 'Criador_backup' not found in struct cache ()
2026-03-20 20:14:24.196 - Object 'Perro_backup' not found in struct cache ()
2026-03-20 20:14:24.196 - Object 'Propietario_backup' not found in struct cache ()
2026-03-20 20:14:24.196 - Object 'Participacion_Evento_backup' not found in struct cache ()
2026-03-20 20:14:24.196 - Object 'Raza_backup' not found in struct cache ()
2026-03-20 20:14:24.196 - Object 'Evento_backup' not found in struct cache ()
2026-03-20 20:14:24.196 - Object 'Premios_backup' not found in struct cache ()
2026-03-20 20:14:24.196 - Object 'Perro_backup' not found in struct cache ()
2026-03-20 20:14:24.196 - Object 'Criador_backup' not found in struct cache ()
2026-03-20 20:14:24.197 - Object 'Evento_backup' not found in struct cache ()
2026-03-20 20:14:24.197 - Object 'Raza_backup' not found in struct cache ()
2026-03-20 20:14:24.197 - Object 'Propietario_backup' not found in struct cache ()
2026-03-20 20:14:24.197 - Object 'Participacion_Evento_backup' not found in struct cache ()
2026-03-20 20:14:24.197 - Object 'Evento_backup' not found in struct cache ()
2026-03-20 20:14:24.197 - Object 'Premios_backup' not found in struct cache ()
2026-03-20 20:14:24.197 - Object 'Criador_backup' not found in struct cache ()
2026-03-20 20:14:24.197 - Object 'Perro_backup' not found in struct cache ()
2026-03-20 20:14:24.199 - Object 'Raza_backup' not found in struct cache ()
2026-03-20 20:14:24.199 - Object 'Propietario_backup' not found in struct cache ()
2026-03-20 20:14:24.199 - Object 'Participacion_Evento_backup' not found in struct cache ()
2026-03-20 20:14:24.199 - Object 'Propietario_backup' not found in struct cache ()
2026-03-20 20:14:24.199 - Object 'Evento_backup' not found in struct cache ()
2026-03-20 20:14:24.199 - Object 'Premios_backup' not found in struct cache ()
2026-03-20 20:14:24.199 - Object 'Criador_backup' not found in struct cache ()
2026-03-20 20:14:24.199 - Object 'Perro_backup' not found in struct cache ()
2026-03-20 20:14:24.200 - Object 'Raza_backup' not found in struct cache ()
2026-03-20 20:14:24.200 - Object 'Participacion_Evento_backup' not found in struct cache ()
2026-03-20 20:14:24.200 - Object 'Raza_backup' not found in struct cache ()
2026-03-20 20:14:24.200 - Object 'Propietario_backup' not found in struct cache ()
2026-03-20 20:14:24.200 - Object 'Premios_backup' not found in struct cache ()
2026-03-20 20:14:24.200 - Object 'Perro_backup' not found in struct cache ()
2026-03-20 20:14:24.200 - Object 'Participacion_Evento_backup' not found in struct cache ()
2026-03-20 20:14:24.200 - Object 'Evento_backup' not found in struct cache ()
2026-03-20 20:14:24.200 - Object 'Criador_backup' not found in struct cache ()
2026-03-20 20:14:24.200 - Object 'Participacion_Evento_backup' not found in struct cache ()
2026-03-20 20:15:54.848 - Execution context opened (localhost; SQLEditor <CUQUITEIS_CREAR_TRANSACC.sql>; 14)
2026-03-20 20:17:34.180 - Execution context opened (localhost; SQLEditor <CUQUITEIS_RELLENAR_TRANSACC.sql>; 15)
2026-03-20 20:17:37.281 - Execution context closed (localhost, 14)
2026-03-20 20:19:22.138 - Execution context closed (localhost, 15)
> Start Equinox Provisioning Metadata [org.eclipse.equinox.p2.metadata 2.9.600.v20251108-0408]
2026-03-20 20:23:43.437 - Execution context opened (localhost; SQLEditor <CUQUITEIS_CREAR_TRANSACC.sql>; 16)
> Start DBeaver Dashboards Model [org.jkiss.dbeaver.model.dashboard 1.0.47.202603011816]
> Start org.jkiss.bundle.jfreechart [org.jkiss.bundle.jfreechart 1.5.7]
> Start DBeaver Charts UI [org.jkiss.dbeaver.ui.charts 1.0.171.202603011816]
2026-03-20 20:30:51.887 - Execution context opened (localhost; SQLEditor <CUQUITEIS_RELLENAR_TRANSACC.sql>; 17)
2026-03-20 20:30:58.200 - Execution context closed (localhost, 16)
2026-03-20 20:31:57.101 - Execution context closed (localhost, 17)
2026-03-20 20:33:53.081 - Object 'Evento_backup' not found in struct cache ()
2026-03-20 20:33:53.081 - Object 'Participacion_Evento_backup' not found in struct cache ()
2026-03-20 20:33:53.082 - Object 'Raza_backup' not found in struct cache ()
2026-03-20 20:33:53.082 - Object 'Perro_backup' not found in struct cache ()
2026-03-20 20:33:53.082 - Object 'Premios_backup' not found in struct cache ()
2026-03-20 20:33:53.082 - Object 'Criador_backup' not found in struct cache ()
2026-03-20 20:33:53.082 - Object 'Propietario_backup' not found in struct cache ()
2026-03-20 20:33:53.082 - Object 'Premios_backup' not found in struct cache ()
2026-03-20 20:33:53.082 - Object 'Perro_backup' not found in struct cache ()
2026-03-20 20:33:53.082 - Object 'Participacion_Evento_backup' not found in struct cache ()
2026-03-20 20:33:53.082 - Object 'Propietario_backup' not found in struct cache ()
2026-03-20 20:33:53.082 - Object 'Raza_backup' not found in struct cache ()
2026-03-20 20:33:53.082 - Object 'Criador_backup' not found in struct cache ()
2026-03-20 20:33:53.082 - Object 'Evento_backup' not found in struct cache ()
2026-03-20 20:33:53.082 - Object 'Premios_backup' not found in struct cache ()
2026-03-20 20:33:53.082 - Object 'Criador_backup' not found in struct cache ()
2026-03-20 20:33:53.082 - Object 'Perro_backup' not found in struct cache ()
2026-03-20 20:33:53.082 - Object 'Propietario_backup' not found in struct cache ()
2026-03-20 20:33:53.083 - Object 'Participacion_Evento_backup' not found in struct cache ()
2026-03-20 20:33:53.083 - Object 'Raza_backup' not found in struct cache ()
2026-03-20 20:33:53.083 - Object 'Evento_backup' not found in struct cache ()
2026-03-20 20:33:53.083 - Object 'Premios_backup' not found in struct cache ()
2026-03-20 20:33:53.083 - Object 'Perro_backup' not found in struct cache ()
2026-03-20 20:33:53.083 - Object 'Criador_backup' not found in struct cache ()
2026-03-20 20:33:53.083 - Object 'Evento_backup' not found in struct cache ()
2026-03-20 20:33:53.083 - Object 'Raza_backup' not found in struct cache ()
2026-03-20 20:33:53.083 - Object 'Propietario_backup' not found in struct cache ()
2026-03-20 20:33:53.083 - Object 'Participacion_Evento_backup' not found in struct cache ()
2026-03-20 20:33:53.083 - Object 'Evento_backup' not found in struct cache ()
2026-03-20 20:33:53.083 - Object 'Premios_backup' not found in struct cache ()
2026-03-20 20:33:53.083 - Object 'Criador_backup' not found in struct cache ()
2026-03-20 20:33:53.083 - Object 'Perro_backup' not found in struct cache ()
2026-03-20 20:33:53.083 - Object 'Raza_backup' not found in struct cache ()
2026-03-20 20:33:53.083 - Object 'Propietario_backup' not found in struct cache ()
2026-03-20 20:33:53.083 - Object 'Participacion_Evento_backup' not found in struct cache ()
2026-03-20 20:33:53.083 - Object 'Propietario_backup' not found in struct cache ()
2026-03-20 20:33:53.083 - Object 'Evento_backup' not found in struct cache ()
2026-03-20 20:33:53.083 - Object 'Premios_backup' not found in struct cache ()
2026-03-20 20:33:53.083 - Object 'Criador_backup' not found in struct cache ()
2026-03-20 20:33:53.083 - Object 'Perro_backup' not found in struct cache ()
2026-03-20 20:33:53.083 - Object 'Raza_backup' not found in struct cache ()
2026-03-20 20:33:53.083 - Object 'Participacion_Evento_backup' not found in struct cache ()
2026-03-20 20:33:53.083 - Object 'Raza_backup' not found in struct cache ()
2026-03-20 20:33:53.083 - Object 'Propietario_backup' not found in struct cache ()
2026-03-20 20:33:53.083 - Object 'Premios_backup' not found in struct cache ()
2026-03-20 20:33:53.083 - Object 'Perro_backup' not found in struct cache ()
2026-03-20 20:33:53.083 - Object 'Participacion_Evento_backup' not found in struct cache ()
2026-03-20 20:33:53.083 - Object 'Evento_backup' not found in struct cache ()
2026-03-20 20:33:53.083 - Object 'Criador_backup' not found in struct cache ()
2026-03-20 20:33:53.083 - Object 'Participacion_Evento_backup' not found in struct cache ()
2026-03-20 20:41:19.864 - Application goes into sleep mode
2026-03-22 20:53:41.564 - Application wakes
2026-03-22 20:53:42.801 - Execution context closed (localhost, 1)
2026-03-22 20:53:42.812 - Execution context closed (localhost, 2)
2026-03-22 20:53:42.824 - Execution context closed (localhost, 3)
2026-03-22 20:53:42.825 - Disconnected (mysql8-19cfdcbc635-78d2407e596b5f47)
2026-03-22 21:00:33.987 - Connect with 'localhost' (mysql8-19cfdcbc635-78d2407e596b5f47)
2026-03-22 21:00:33.988 - Execution context opened (localhost; Main; 18)
2026-03-22 21:00:34.006 - Execution context opened (localhost; Metadata; 19)
2026-03-22 21:00:34.027 - Connected (mysql8-19cfdcbc635-78d2407e596b5f47, MySQL Connector/J [mysql-connector-j-8.2.0 (Revision: 06a1f724497fd81c6a659131fda822c9e5085b6c)])
2026-03-22 21:00:34.028 - Execution context opened (localhost; SQLEditor <CUQUITEIS_TAREA_TRANSACC.sql>; 20)
2026-03-22 22:49:26.588 - Execution context opened (localhost; SQLEditor <Script-3.sql>; 21)
2026-03-22 22:50:11.620 - Execution context opened (localhost; SQLEditor <Script-4.sql>; 22)
2026-03-22 22:50:15.375 - Execution context opened (localhost; SQLEditor <Script-4.sql>; 23)
2026-03-22 22:50:19.371 - Execution context opened (localhost; SQLEditor <Script-4.sql>; 24)
2026-03-22 22:50:21.168 - Execution context opened (localhost; SQLEditor <Script-4.sql>; 25)
2026-03-22 22:50:27.623 - Execution context closed (localhost, 21)
2026-03-22 22:51:06.328 - Execution context opened (localhost; SQLEditor <CUQUITEIS_CREAR_TRANSACC.sql>; 26)
2026-03-22 22:51:14.055 - Execution context opened (localhost; SQLEditor <CUQUITEIS_RELLENAR_TRANSACC.sql>; 27)
2026-03-22 22:51:37.734 - Execution context opened (localhost; SQLEditor <Script-5.sql>; 28)
> Start Log View [org.eclipse.ui.views.log 1.4.1000.v20251030-0811]
2026-03-22 23:53:25.414 - Execution context closed (localhost, 20)
2026-03-22 23:53:25.438 - Execution context closed (localhost, 26)
2026-03-22 23:53:25.638 - Unable to refresh datasource, disconnecting
2026-03-22 23:53:25.645 - org.jkiss.dbeaver.model.exec.DBCException: SQL Error [1049] [42000]: Unknown database 'CuquiTEIS'
org.jkiss.dbeaver.model.exec.DBCException: SQL Error [1049] [42000]: Unknown database 'CuquiTEIS'
	at org.jkiss.dbeaver.ext.mysql.model.MySQLCatalog.collectObjectStatistics(MySQLCatalog.java:469)
	at org.jkiss.dbeaver.ui.navigator.database.StatisticsNavigatorNodeRenderer$StatReadJob.run(StatisticsNavigatorNodeRenderer.java:580)
	at org.jkiss.dbeaver.model.runtime.AbstractJob.run(AbstractJob.java:110)
	at org.eclipse.core.internal.jobs.Worker.run(Worker.java:63)
Caused by: java.sql.SQLSyntaxErrorException: Unknown database 'CuquiTEIS'
	at com.mysql.cj.jdbc.exceptions.SQLError.createSQLException(SQLError.java:121)
	at com.mysql.cj.jdbc.exceptions.SQLExceptionsMapping.translateException(SQLExceptionsMapping.java:122)
	at com.mysql.cj.jdbc.StatementImpl.executeQuery(StatementImpl.java:1201)
	at org.jkiss.dbeaver.model.impl.jdbc.exec.JDBCStatementImpl.executeQuery(JDBCStatementImpl.java:346)
	at org.jkiss.dbeaver.ext.mysql.model.MySQLCatalog.collectObjectStatistics(MySQLCatalog.java:459)
	... 3 more
2026-03-22 23:53:25.656 - Execution context closed (localhost, 28)
2026-03-22 23:53:25.855 - Execution context closed (localhost, 18)
2026-03-22 23:53:25.867 - Execution context closed (localhost, 19)
2026-03-22 23:53:25.879 - Execution context closed (localhost, 22)
2026-03-22 23:53:25.890 - Execution context closed (localhost, 23)
2026-03-22 23:53:25.902 - Execution context closed (localhost, 24)
2026-03-22 23:53:25.914 - Execution context closed (localhost, 25)
2026-03-22 23:53:25.927 - Execution context closed (localhost, 27)
2026-03-22 23:53:25.927 - Disconnected (mysql8-19cfdcbc635-78d2407e596b5f47)
2026-03-22 23:53:40.887 - Dispose navigator model
2026-03-22 23:53:40.912 - DBeaver is stopping
2026-03-22 23:53:40.914 - Stop instance server
2026-03-22 23:53:41.919 - Instance server has been stopped
2026-03-22 23:53:41.920 - DBeaver shutdown completed
2026-03-22 23:53:41.986 - Shutdown desktop platform...
2026-03-22 23:53:42.039 - Platform shutdown completed (52ms)
